Namespace(directory='synthetic_datasets/fixed_col_size/structured_text_same_hinges', errordetect=None, filename=None, output=None, threshold=None)
function,runtime_seconds,column_length,average_row_length,avg_num_hinges,max_num_hinges,num_branches
learn_structures_for_single_column,0.509999990463,1000,10.0,2,2,1
synthetic_datasets/fixed_col_size/structured_text_same_hinges/20160928-row10-col1000-date-01.txt - 1983-06-24
STRUCT. SCORE: True
 MODEL: 19(9|1)(2|6)-0D-(1|0)D
 Samples: 1996-06-01,1996-07-04,2012-01-15,2012-06-10,1976-08-28


function,runtime_seconds,column_length,average_row_length,avg_num_hinges,max_num_hinges,num_branches
learn_structures_for_single_column,0.370000123978,1000,10.0,2,2,1
synthetic_datasets/fixed_col_size/structured_text_same_hinges/20160928-row10-col1000-date-02.txt - 1971-09-21
STRUCT. SCORE: True
 MODEL: 19DD-0D-(1|2)D
 Samples: 1983-03-16,1991-01-16,1992-01-27,1970-12-11,2006-12-21


function,runtime_seconds,column_length,average_row_length,avg_num_hinges,max_num_hinges,num_branches
learn_structures_for_single_column,0.369999885559,1000,10.0,2,2,1
synthetic_datasets/fixed_col_size/structured_text_same_hinges/20160928-row10-col1000-date-03.txt - 2014-09-20
STRUCT. SCORE: True
 MODEL: (1|2)(9|0)DD-0D-(2|1)D
 Samples: 2013-07-27,1985-02-12,1996-11-11,2005-03-08,1976-02-19


function,runtime_seconds,column_length,average_row_length,avg_num_hinges,max_num_hinges,num_branches
learn_structures_for_single_column,0.599999904633,1000,21.0,5,5,1
synthetic_datasets/fixed_col_size/structured_text_same_hinges/20160928-row21-col1000-date-01.txt - 1983-06-24-1971-09-21
STRUCT. SCORE: True
 MODEL: 19(9|8)D-0(2|5)-(0|1)D-20DD-0D-(1|3)D
 Samples: 1991-12-06-2013-09-30,1994-12-13-2000-08-11,1981-02-09-2006-09-12,1999-03-07-1972-09-27,2005-09-11-1984-05-01


function,runtime_seconds,column_length,average_row_length,avg_num_hinges,max_num_hinges,num_branches
learn_structures_for_single_column,0.592000007629,1000,21.0,5,5,1
synthetic_datasets/fixed_col_size/structured_text_same_hinges/20160928-row21-col1000-date-02.txt - 1983-06-24-2014-09-20
STRUCT. SCORE: True
 MODEL: (1|2)(9|0)D(4|7)-(0|1)D-DD-20(0|1)D-0D-(2|1)D
 Samples: 2004-01-31-1971-01-26,1977-08-29-2005-06-04,1994-11-04-2000-01-31,1997-02-08-2002-07-06,2004-10-19-2015-10-21


function,runtime_seconds,column_length,average_row_length,avg_num_hinges,max_num_hinges,num_branches
learn_structures_for_single_column,0.52999997139,1000,21.0,5,5,1
synthetic_datasets/fixed_col_size/structured_text_same_hinges/20160928-row21-col1000-date-03.txt - 1971-09-21-2014-09-20
STRUCT. SCORE: True
 MODEL: (1|2)(9|0)DD-(0|1)D-(2|1)D-19DD-(0|1)(2|9)-2D
 Samples: 1999-05-21-1971-12-25,1977-02-27-2013-07-23,1991-11-02-1993-12-29,1986-01-13-1988-03-04,2009-09-08-2015-12-26


function,runtime_seconds,column_length,average_row_length,avg_num_hinges,max_num_hinges,num_branches
learn_structures_for_single_column,0.880000114441,1000,32.0,8,8,1
synthetic_datasets/fixed_col_size/structured_text_same_hinges/20160928-row32-col1000-date-01.txt - 1983-06-24-1971-09-21-1983-06-24
STRUCT. SCORE: True
 MODEL: 19(8|9)D-0D-(1|2)D-198D-(0|1)D-(0|1)D-19(8|9)D-0D-(1|2)D
 Samples: 1982-07-14-1980-11-07-1982-07-14,1972-07-04-1977-10-17-1972-07-04,1990-11-13-1982-11-28-1990-11-13,1988-07-23-1981-01-16-1988-07-23,1989-02-21-1984-07-21-1989-02-21


function,runtime_seconds,column_length,average_row_length,avg_num_hinges,max_num_hinges,num_branches
learn_structures_for_single_column,0.919999837875,1000,32.0,8,8,1
synthetic_datasets/fixed_col_size/structured_text_same_hinges/20160928-row32-col1000-date-02.txt - 1983-06-24-2014-09-20-1971-09-21
STRUCT. SCORE: True
 MODEL: 19(8|9)D-(1|0)(1|2)-(2|1)D-19DD-0(1|2)-(0|1)D-19D(2|5)-0D-(1|0)D
 Samples: 1994-12-31-1995-02-06-2002-09-09,1984-11-22-1983-04-08-1985-04-11,1982-11-28-2011-09-15-1974-09-29,1976-01-29-2013-11-01-1998-06-16,1985-08-15-1973-01-09-1982-05-20


function,runtime_seconds,column_length,average_row_length,avg_num_hinges,max_num_hinges,num_branches
learn_structures_for_single_column,0.839999914169,1000,32.0,8,8,1
synthetic_datasets/fixed_col_size/structured_text_same_hinges/20160928-row32-col1000-date-03.txt - 1971-09-21-2014-09-20-2014-09-20
STRUCT. SCORE: True
 MODEL: 19(8|7)D-0(9|2)-(1|0)D-19DD-0D-(2|1)D-19DD-0D-(2|1)D
 Samples: 1985-09-10-1991-08-19-1991-08-19,1974-04-01-1995-09-22-1995-09-22,1987-02-02-1980-09-22-1980-09-22,1994-09-13-1973-08-24-1973-08-24,2006-06-03-2014-01-04-2014-01-04


function,runtime_seconds
learn_structures_for_all_files_in_path,5.77200007439
Namespace(directory='synthetic_datasets/fixed_col_size/structured_text_same_hinges', errordetect=None, filename=None, output=None, threshold=None)
function,runtime_seconds,column_length,average_row_length,avg_num_hinges,max_num_hinges,num_branches
learn_structures_for_single_column,0.359999895096,1000,10.0,2,2,1
synthetic_datasets/fixed_col_size/structured_text_same_hinges/20160928-row10-col1000-date-01.txt - 1983-06-24
STRUCT. SCORE: True
 MODEL: 19DD-1D-2D
 Samples: 1983-06-22,2011-11-27,1977-05-24,1990-12-04,1996-11-12


function,runtime_seconds,column_length,average_row_length,avg_num_hinges,max_num_hinges,num_branches
learn_structures_for_single_column,0.420000076294,1000,10.0,2,2,1
synthetic_datasets/fixed_col_size/structured_text_same_hinges/20160928-row10-col1000-date-02.txt - 1971-09-21
STRUCT. SCORE: True
 MODEL: 197D-0D-(0|2)(1|8)
 Samples: 1979-08-21,1973-05-06,2008-04-03,1972-09-21,2002-11-08


function,runtime_seconds,column_length,average_row_length,avg_num_hinges,max_num_hinges,num_branches
learn_structures_for_single_column,0.350000143051,1000,10.0,2,2,1
synthetic_datasets/fixed_col_size/structured_text_same_hinges/20160928-row10-col1000-date-03.txt - 2014-09-20
STRUCT. SCORE: True
 MODEL: 19(8|7)D-(1|0)D-(0|1)D
 Samples: 1987-11-03,1973-10-02,1994-04-06,1983-07-05,1970-04-17


function,runtime_seconds,column_length,average_row_length,avg_num_hinges,max_num_hinges,num_branches
learn_structures_for_single_column,0.639999866486,1000,21.0,5,5,1
synthetic_datasets/fixed_col_size/structured_text_same_hinges/20160928-row21-col1000-date-01.txt - 1983-06-24-1971-09-21
STRUCT. SCORE: True
 MODEL: 20DD-0D-(0|2)D-19DD-0D-1D
 Samples: 2008-10-01-1996-04-10,1996-02-03-1973-05-06,1993-05-26-2003-05-24,2006-11-01-1996-10-14,2010-09-20-1973-07-14


function,runtime_seconds,column_length,average_row_length,avg_num_hinges,max_num_hinges,num_branches
learn_structures_for_single_column,0.570000171661,1000,21.0,5,5,1
synthetic_datasets/fixed_col_size/structured_text_same_hinges/20160928-row21-col1000-date-02.txt - 1983-06-24-2014-09-20
STRUCT. SCORE: True
 MODEL: 19(7|1)D-0D-DD-(1|2)(9|0)DD-(0|1)D-(2|1)(0|2)
 Samples: 1973-07-31-1981-12-10,1970-01-02-2015-07-27,2014-12-08-1986-10-30,1984-06-09-2013-03-20,1971-03-25-2012-12-22


function,runtime_seconds,column_length,average_row_length,avg_num_hinges,max_num_hinges,num_branches
learn_structures_for_single_column,0.55999994278,1000,21.0,5,5,1
synthetic_datasets/fixed_col_size/structured_text_same_hinges/20160928-row21-col1000-date-03.txt - 1971-09-21-2014-09-20
STRUCT. SCORE: True
 MODEL: 19DD-(0|1)D-(1|0)D-(1|2)(9|0)DD-0D-(2|1)D
 Samples: 1982-08-06-2011-08-26,1982-11-28-2002-03-31,2004-07-18-1985-02-03,1995-12-19-1976-07-14,2009-11-11-1987-12-18


function,runtime_seconds,column_length,average_row_length,avg_num_hinges,max_num_hinges,num_branches
learn_structures_for_single_column,0.859999895096,1000,32.0,8,8,1
synthetic_datasets/fixed_col_size/structured_text_same_hinges/20160928-row32-col1000-date-01.txt - 1983-06-24-1971-09-21-1983-06-24
STRUCT. SCORE: True
 MODEL: (1|2)(9|0)DD-0D-1(0|1)-19DD-0D-(2|0)D-(1|2)(9|0)DD-0D-1(0|1)
 Samples: 2001-09-10-2013-01-28-2001-09-10,1986-10-13-1994-10-29-1986-10-13,1975-09-20-1973-03-09-1975-09-20,2012-06-10-1993-09-30-2012-06-10,1999-05-15-1975-01-03-1999-05-15


function,runtime_seconds,column_length,average_row_length,avg_num_hinges,max_num_hinges,num_branches
learn_structures_for_single_column,0.830000162125,1000,32.0,8,8,1
synthetic_datasets/fixed_col_size/structured_text_same_hinges/20160928-row32-col1000-date-02.txt - 1983-06-24-2014-09-20-1971-09-21
STRUCT. SCORE: True
 MODEL: 19(7|0)D-(1|0)D-(0|2)D-19(8|9)D-0D-D(0|1)-(1|2)(9|0)DD-(0|1)(4|2)-(0|2)D
 Samples: 2005-12-04-1984-01-30-1981-04-23,1972-05-27-1984-09-24-1979-12-01,1974-01-10-1980-08-14-1992-10-22,1980-10-13-1999-12-01-2012-12-05,2008-12-22-1978-02-10-2004-04-03


function,runtime_seconds,column_length,average_row_length,avg_num_hinges,max_num_hinges,num_branches
learn_structures_for_single_column,0.75,1000,32.0,8,8,1
synthetic_datasets/fixed_col_size/structured_text_same_hinges/20160928-row32-col1000-date-03.txt - 1971-09-21-2014-09-20-2014-09-20
STRUCT. SCORE: True
 MODEL: 19DD-0D-(2|1)D-19(8|9)D-0D-(0|1)D-19(8|9)D-0D-(0|1)D
 Samples: 1985-06-27-1988-03-09-1988-03-09,1991-07-01-1995-07-02-1995-07-02,1987-07-30-1971-11-18-1971-11-18,2000-01-08-1977-12-06-1977-12-06,2014-06-24-1983-06-30-1983-06-30


function,runtime_seconds
learn_structures_for_all_files_in_path,5.49000000954
Namespace(directory='synthetic_datasets/fixed_col_size/structured_text_same_hinges', errordetect=None, filename=None, output=None, threshold=None)
function,runtime_seconds,column_length,average_row_length,avg_num_hinges,max_num_hinges,num_branches
learn_structures_for_single_column,0.369999885559,1000,10.0,2,2,1
synthetic_datasets/fixed_col_size/structured_text_same_hinges/20160928-row10-col1000-date-01.txt - 1983-06-24
STRUCT. SCORE: True
 MODEL: (2|1)(0|9)DD-0D-(1|0)D
 Samples: 2011-09-11,2005-04-09,1995-12-01,2000-02-15,1988-07-22


function,runtime_seconds,column_length,average_row_length,avg_num_hinges,max_num_hinges,num_branches
learn_structures_for_single_column,0.350000143051,1000,10.0,2,2,1
synthetic_datasets/fixed_col_size/structured_text_same_hinges/20160928-row10-col1000-date-02.txt - 1971-09-21
STRUCT. SCORE: True
 MODEL: 19DD-(0|1)D-(1|2)D
 Samples: 1970-10-18,1994-07-17,1980-10-26,2013-11-17,2009-05-03


function,runtime_seconds,column_length,average_row_length,avg_num_hinges,max_num_hinges,num_branches
learn_structures_for_single_column,0.369999885559,1000,10.0,2,2,1
synthetic_datasets/fixed_col_size/structured_text_same_hinges/20160928-row10-col1000-date-03.txt - 2014-09-20
STRUCT. SCORE: True
 MODEL: 19(7|8)D-0D-(0|2)D
 Samples: 1987-01-03,2015-11-24,1978-09-18,1971-04-02,2013-05-15


function,runtime_seconds,column_length,average_row_length,avg_num_hinges,max_num_hinges,num_branches
learn_structures_for_single_column,0.580000162125,1000,21.0,5,5,1
synthetic_datasets/fixed_col_size/structured_text_same_hinges/20160928-row21-col1000-date-01.txt - 1983-06-24-1971-09-21
STRUCT. SCORE: True
 MODEL: 19DD-0D-(0|1)D-20(0|1)(0|4)-0D-DD
 Samples: 1997-06-14-2000-09-28,1980-03-29-1980-02-20,1973-07-06-2014-07-10,1976-01-26-1985-04-05,1972-06-13-2014-03-16


function,runtime_seconds,column_length,average_row_length,avg_num_hinges,max_num_hinges,num_branches
learn_structures_for_single_column,0.519999980927,1000,21.0,5,5,1
synthetic_datasets/fixed_col_size/structured_text_same_hinges/20160928-row21-col1000-date-02.txt - 1983-06-24-2014-09-20
STRUCT. SCORE: True
 MODEL: 20(0|9)D-0D-(2|0)D-20(1|0)D-0D-DD
 Samples: 2003-05-23-2014-06-09,2009-04-07-2011-12-24,1979-07-30-1970-06-21,2004-12-06-2011-10-19,1998-11-21-2005-03-15


function,runtime_seconds,column_length,average_row_length,avg_num_hinges,max_num_hinges,num_branches
learn_structures_for_single_column,0.589999914169,1000,21.0,5,5,1
synthetic_datasets/fixed_col_size/structured_text_same_hinges/20160928-row21-col1000-date-03.txt - 1971-09-21-2014-09-20
STRUCT. SCORE: True
 MODEL: (2|1)(0|9)DD-0D-(1|2)D-19DD-0D-(2|1)D
 Samples: 1979-05-11-1996-03-31,1995-05-29-2015-02-28,2000-08-25-1989-05-14,2012-04-29-2015-12-26,2005-11-03-1987-11-20


function,runtime_seconds,column_length,average_row_length,avg_num_hinges,max_num_hinges,num_branches
learn_structures_for_single_column,0.900000095367,1000,32.0,8,8,1
synthetic_datasets/fixed_col_size/structured_text_same_hinges/20160928-row32-col1000-date-01.txt - 1983-06-24-1971-09-21-1983-06-24
STRUCT. SCORE: True
 MODEL: 19(9|0)D-0D-(1|0)(0|6)-19(9|8)D-0D-0D-19(9|0)D-0D-(1|0)(0|6)
 Samples: 1995-11-16-1994-07-02-1995-11-16,2004-02-06-1991-01-13-2004-02-06,1997-07-04-1992-02-05-1997-07-04,1989-04-20-1992-01-03-1989-04-20,2004-06-01-1980-02-14-2004-06-01


function,runtime_seconds,column_length,average_row_length,avg_num_hinges,max_num_hinges,num_branches
learn_structures_for_single_column,0.819999933243,1000,32.0,8,8,1
synthetic_datasets/fixed_col_size/structured_text_same_hinges/20160928-row32-col1000-date-02.txt - 1983-06-24-2014-09-20-1971-09-21
STRUCT. SCORE: True
 MODEL: (2|1)(0|9)DD-0D-(1|2)(8|1)-(1|2)(9|0)DD-0D-(1|2)D-19DD-(0|1)D-1D
 Samples: 1985-07-18-2014-09-24-1970-12-11,2004-02-15-1982-07-12-1985-10-02,2011-10-24-1974-08-07-1973-05-14,2007-09-21-1985-05-02-2012-10-19,2011-03-14-2006-11-18-1990-05-09


function,runtime_seconds,column_length,average_row_length,avg_num_hinges,max_num_hinges,num_branches
learn_structures_for_single_column,0.800000190735,1000,32.0,8,8,1
synthetic_datasets/fixed_col_size/structured_text_same_hinges/20160928-row32-col1000-date-03.txt - 1971-09-21-2014-09-20-2014-09-20
STRUCT. SCORE: True
 MODEL: 19DD-(0|1)(1|8)-(1|2)D-20DD-0D-DD-20DD-0D-DD
 Samples: 1974-11-11-2000-06-01-2000-06-01,1986-11-29-2013-07-10-2013-07-10,2002-07-02-1970-09-05-1970-09-05,1994-07-17-2004-08-31-2004-08-31,2012-08-26-2013-03-15-2013-03-15


function,runtime_seconds
learn_structures_for_all_files_in_path,5.44000005722
Namespace(directory='synthetic_datasets/fixed_col_size/structured_text_same_hinges', errordetect=None, filename=None, output=None, threshold=None)
function,runtime_seconds,column_length,average_row_length,avg_num_hinges,max_num_hinges,num_branches
learn_structures_for_single_column,0.359999895096,1000,10.0,2,2,1
synthetic_datasets/fixed_col_size/structured_text_same_hinges/20160928-row10-col1000-date-01.txt - 1983-06-24
STRUCT. SCORE: True
 MODEL: (1|2)(9|0)(8|1)D-0D-(1|0)D
 Samples: 1989-03-17,2011-08-27,2005-05-23,2010-03-12,1983-12-04


function,runtime_seconds,column_length,average_row_length,avg_num_hinges,max_num_hinges,num_branches
learn_structures_for_single_column,0.319999933243,1000,10.0,2,2,1
synthetic_datasets/fixed_col_size/structured_text_same_hinges/20160928-row10-col1000-date-02.txt - 1971-09-21
STRUCT. SCORE: True
 MODEL: 19(7|9)D-0D-(1|0)D
 Samples: 2009-02-21,1992-07-09,1977-04-18,1974-05-14,1990-02-13


function,runtime_seconds,column_length,average_row_length,avg_num_hinges,max_num_hinges,num_branches
learn_structures_for_single_column,0.44000005722,1000,10.0,2,2,1
synthetic_datasets/fixed_col_size/structured_text_same_hinges/20160928-row10-col1000-date-03.txt - 2014-09-20
STRUCT. SCORE: True
 MODEL: (1|2)(9|0)(0|7)D-0(2|9)-1D
 Samples: 2003-02-01,2005-06-12,2006-08-11,1974-12-17,1977-02-14


function,runtime_seconds,column_length,average_row_length,avg_num_hinges,max_num_hinges,num_branches
learn_structures_for_single_column,0.610000133514,1000,21.0,5,5,1
synthetic_datasets/fixed_col_size/structured_text_same_hinges/20160928-row21-col1000-date-01.txt - 1983-06-24-1971-09-21
STRUCT. SCORE: True
 MODEL: 19DD-0D-(0|2)D-19DD-0D-(0|1)D
 Samples: 1981-12-01-1993-03-08,1972-09-08-1974-04-01,1995-02-08-1999-01-27,1973-10-30-1984-03-17,1991-08-20-2007-05-25


function,runtime_seconds,column_length,average_row_length,avg_num_hinges,max_num_hinges,num_branches
learn_structures_for_single_column,0.55999994278,1000,21.0,5,5,1
synthetic_datasets/fixed_col_size/structured_text_same_hinges/20160928-row21-col1000-date-02.txt - 1983-06-24-2014-09-20
STRUCT. SCORE: True
 MODEL: 19DD-0(1|3)-(0|1)D-19DD-0D-(2|0)D
 Samples: 1972-03-05-1980-06-06,1986-02-15-1980-09-22,2002-01-30-2007-07-24,1981-09-09-1990-11-23,2014-12-08-1986-10-30


function,runtime_seconds,column_length,average_row_length,avg_num_hinges,max_num_hinges,num_branches
learn_structures_for_single_column,0.569999933243,1000,21.0,5,5,1
synthetic_datasets/fixed_col_size/structured_text_same_hinges/20160928-row21-col1000-date-03.txt - 1971-09-21-2014-09-20
STRUCT. SCORE: True
 MODEL: 19(7|9)D-0D-DD-19DD-0D-(2|1)D
 Samples: 1979-05-02-1999-02-25,1971-07-30-2011-01-19,1974-12-10-2006-08-11,1993-09-21-1992-06-12,1994-09-13-1973-08-24


function,runtime_seconds,column_length,average_row_length,avg_num_hinges,max_num_hinges,num_branches
learn_structures_for_single_column,0.840000152588,1000,32.0,8,8,1
synthetic_datasets/fixed_col_size/structured_text_same_hinges/20160928-row32-col1000-date-01.txt - 1983-06-24-1971-09-21-1983-06-24
STRUCT. SCORE: True
 MODEL: 19(7|8)D-0D-(1|0)D-19DD-0D-(0|1)D-19(7|8)D-0D-(1|0)D
 Samples: 1970-08-16-1984-05-29-1970-08-16,1976-07-18-2013-02-05-1976-07-18,2008-04-22-1993-07-18-2008-04-22,1971-12-04-2005-07-02-1971-12-04,1980-10-11-1973-02-11-1980-10-11


function,runtime_seconds,column_length,average_row_length,avg_num_hinges,max_num_hinges,num_branches
learn_structures_for_single_column,0.75,1000,32.0,8,8,1
synthetic_datasets/fixed_col_size/structured_text_same_hinges/20160928-row32-col1000-date-02.txt - 1983-06-24-2014-09-20-1971-09-21
STRUCT. SCORE: True
 MODEL: (1|2)(9|0)DD-0D-(2|0)D-(2|1)(0|9)DD-0D-(1|0)D-19DD-(1|0)D-2D
 Samples: 2010-08-29-2010-01-03-1985-11-22,2004-01-31-1971-01-26-2001-09-14,1988-08-03-2009-07-18-2015-10-05,1989-07-29-2015-12-17-2014-05-21,1999-10-24-2009-07-24-1991-12-16


function,runtime_seconds,column_length,average_row_length,avg_num_hinges,max_num_hinges,num_branches
learn_structures_for_single_column,0.829999923706,1000,32.0,8,8,1
synthetic_datasets/fixed_col_size/structured_text_same_hinges/20160928-row32-col1000-date-03.txt - 1971-09-21-2014-09-20-2014-09-20
STRUCT. SCORE: True
 MODEL: 19DD-(0|1)(0|3)-1D-20(0|1)D-0D-(1|0)D-20(0|1)D-0D-(1|0)D
 Samples: 2011-10-17-2009-06-18-2009-06-18,1977-10-12-1979-03-21-1979-03-21,2007-05-10-2012-10-03-2012-10-03,1970-03-15-2007-09-15-2007-09-15,1986-10-08-2005-08-15-2005-08-15


function,runtime_seconds
learn_structures_for_all_files_in_path,5.43000006676
Namespace(directory='synthetic_datasets/fixed_col_size/structured_text_same_hinges', errordetect=None, filename=None, output=None, threshold=None)
function,runtime_seconds,column_length,average_row_length,avg_num_hinges,max_num_hinges,num_branches
learn_structures_for_single_column,0.420000076294,1000,10.0,2,2,1
synthetic_datasets/fixed_col_size/structured_text_same_hinges/20160928-row10-col1000-date-01.txt - 1983-06-24
STRUCT. SCORE: True
 MODEL: (1|2)(9|0)DD-0D-(2|1)D
 Samples: 1993-06-23,1976-01-24,2005-03-18,1972-07-23,1975-11-24


function,runtime_seconds,column_length,average_row_length,avg_num_hinges,max_num_hinges,num_branches
learn_structures_for_single_column,0.480000019073,1000,10.0,2,2,1
synthetic_datasets/fixed_col_size/structured_text_same_hinges/20160928-row10-col1000-date-02.txt - 1971-09-21
STRUCT. SCORE: True
 MODEL: 19(9|0)D-0(4|1)-1D
 Samples: 1998-04-12,2003-03-14,1984-04-14,1986-10-08,1990-01-16


function,runtime_seconds,column_length,average_row_length,avg_num_hinges,max_num_hinges,num_branches
learn_structures_for_single_column,0.339999914169,1000,10.0,2,2,1
synthetic_datasets/fixed_col_size/structured_text_same_hinges/20160928-row10-col1000-date-03.txt - 2014-09-20
STRUCT. SCORE: True
 MODEL: (2|1)(0|9)DD-0D-(2|1)D
 Samples: 2014-05-28,1981-06-03,1970-06-08,1996-03-31,2003-04-15


function,runtime_seconds,column_length,average_row_length,avg_num_hinges,max_num_hinges,num_branches
learn_structures_for_single_column,0.700000047684,1000,21.0,5,5,1
synthetic_datasets/fixed_col_size/structured_text_same_hinges/20160928-row21-col1000-date-01.txt - 1983-06-24-1971-09-21
STRUCT. SCORE: True
 MODEL: (2|1)(0|9)D(4|3)-(0|1)(6|1)-(2|0)D-19(7|0)(2|3)-0D-(0|2)D
 Samples: 2014-10-26-2002-05-03,1984-06-09-1997-03-22,2015-06-21-1972-03-27,1984-11-26-1973-01-08,1975-06-13-1976-03-30


function,runtime_seconds,column_length,average_row_length,avg_num_hinges,max_num_hinges,num_branches
learn_structures_for_single_column,0.549999952316,1000,21.0,5,5,1
synthetic_datasets/fixed_col_size/structured_text_same_hinges/20160928-row21-col1000-date-02.txt - 1983-06-24-2014-09-20
STRUCT. SCORE: True
 MODEL: 19DD-0D-DD-19DD-(1|0)D-(0|1)D
 Samples: 1973-07-31-1981-12-10,2012-09-07-2011-07-31,1983-01-27-1997-08-07,2010-11-27-1977-11-09,1994-07-14-1980-12-08


function,runtime_seconds,column_length,average_row_length,avg_num_hinges,max_num_hinges,num_branches
learn_structures_for_single_column,0.560000181198,1000,21.0,5,5,1
synthetic_datasets/fixed_col_size/structured_text_same_hinges/20160928-row21-col1000-date-03.txt - 1971-09-21-2014-09-20
STRUCT. SCORE: True
 MODEL: (1|2)(9|0)DD-0D-(1|2)D-19(8|7)D-0D-(1|0)D
 Samples: 2008-05-28-1983-03-15,1996-09-22-1982-03-08,2014-07-15-1990-03-16,1982-06-11-1975-08-30,1982-08-12-2005-02-03


function,runtime_seconds,column_length,average_row_length,avg_num_hinges,max_num_hinges,num_branches
learn_structures_for_single_column,1.02999997139,1000,32.0,8,8,1
synthetic_datasets/fixed_col_size/structured_text_same_hinges/20160928-row32-col1000-date-01.txt - 1983-06-24-1971-09-21-1983-06-24
STRUCT. SCORE: True
 MODEL: 19(8|9)D-0D-(2|0)D-(1|2)(9|0)DD-0D-(1|0)D-19(8|9)D-0D-(2|0)D
 Samples: 1981-09-09-2008-04-03-1981-09-09,1980-09-24-1978-06-16-1980-09-24,1977-02-27-2011-12-30-1977-02-27,1999-04-22-1993-02-16-1999-04-22,1994-07-22-2008-02-17-1994-07-22


function,runtime_seconds,column_length,average_row_length,avg_num_hinges,max_num_hinges,num_branches
learn_structures_for_single_column,0.77999997139,1000,32.0,8,8,1
synthetic_datasets/fixed_col_size/structured_text_same_hinges/20160928-row32-col1000-date-02.txt - 1983-06-24-2014-09-20-1971-09-21
STRUCT. SCORE: True
 MODEL: 19DD-0D-(2|0)D-(1|2)(9|0)DD-(0|1)D-(1|2)D-19(9|8)D-0D-(1|2)D
 Samples: 1981-03-28-2016-04-15-1993-08-29,2011-10-25-1976-10-11-1977-05-09,1971-10-12-2008-10-21-1989-02-11,1984-04-30-1986-05-27-1997-03-14,1983-01-27-1997-08-07-1987-05-15


function,runtime_seconds,column_length,average_row_length,avg_num_hinges,max_num_hinges,num_branches
learn_structures_for_single_column,0.77999997139,1000,32.0,8,8,1
synthetic_datasets/fixed_col_size/structured_text_same_hinges/20160928-row32-col1000-date-03.txt - 1971-09-21-2014-09-20-2014-09-20
STRUCT. SCORE: True
 MODEL: 19(9|0)D-0D-(2|1)D-19DD-0D-2D-19DD-0D-2D
 Samples: 1999-04-21-1994-02-20-1994-02-20,1995-12-15-2016-01-27-2016-01-27,2008-09-04-1977-05-28-1977-05-28,1979-01-03-2003-05-26-2003-05-26,1980-07-24-1987-09-05-1987-09-05


function,runtime_seconds
learn_structures_for_all_files_in_path,5.76999998093
Namespace(directory='synthetic_datasets/fixed_col_size/structured_text_same_hinges', errordetect=None, filename=None, output=None, threshold=None)
function,runtime_seconds,column_length,average_row_length,avg_num_hinges,max_num_hinges,num_branches
learn_structures_for_single_column,0.359999895096,1000,10.0,2,2,1
synthetic_datasets/fixed_col_size/structured_text_same_hinges/20160928-row10-col1000-date-01.txt - 1983-06-24
STRUCT. SCORE: True
 MODEL: (2|1)(0|9)(0|8)D-0D-(2|1)D
 Samples: 1973-07-21,1982-06-24,2010-08-20,2005-04-11,1986-02-07


function,runtime_seconds,column_length,average_row_length,avg_num_hinges,max_num_hinges,num_branches
learn_structures_for_single_column,0.379999876022,1000,10.0,2,2,1
synthetic_datasets/fixed_col_size/structured_text_same_hinges/20160928-row10-col1000-date-02.txt - 1971-09-21
STRUCT. SCORE: True
 MODEL: 19(9|8)D-0D-(1|0)D
 Samples: 1983-08-15,1997-06-27,2006-11-03,1991-05-15,1992-07-03


function,runtime_seconds,column_length,average_row_length,avg_num_hinges,max_num_hinges,num_branches
learn_structures_for_single_column,0.30999994278,1000,10.0,2,2,1
synthetic_datasets/fixed_col_size/structured_text_same_hinges/20160928-row10-col1000-date-03.txt - 2014-09-20
STRUCT. SCORE: True
 MODEL: 19DD-0D-(1|0)D
 Samples: 1984-08-14,1979-01-22,1970-12-03,2015-03-01,1971-07-27


function,runtime_seconds,column_length,average_row_length,avg_num_hinges,max_num_hinges,num_branches
learn_structures_for_single_column,0.610000133514,1000,21.0,5,5,1
synthetic_datasets/fixed_col_size/structured_text_same_hinges/20160928-row21-col1000-date-01.txt - 1983-06-24-1971-09-21
STRUCT. SCORE: True
 MODEL: 19DD-0D-(2|0)D-19DD-(0|1)D-DD
 Samples: 1999-08-24-1975-10-31,1992-05-05-2010-04-12,2008-04-21-1975-05-24,1989-01-06-1999-05-29,1975-07-08-1999-05-08


function,runtime_seconds,column_length,average_row_length,avg_num_hinges,max_num_hinges,num_branches
learn_structures_for_single_column,0.680000066757,1000,21.0,5,5,1
synthetic_datasets/fixed_col_size/structured_text_same_hinges/20160928-row21-col1000-date-02.txt - 1983-06-24-2014-09-20
STRUCT. SCORE: True
 MODEL: 19(7|8)(2|9)-0D-(2|1)D-(2|1)(0|9)(0|7)D-0D-2D
 Samples: 1972-06-13-1978-08-26,1989-09-04-1980-07-22,1975-09-20-2004-01-06,2014-02-22-1976-09-07,1985-11-23-2001-05-25


function,runtime_seconds,column_length,average_row_length,avg_num_hinges,max_num_hinges,num_branches
learn_structures_for_single_column,0.519999980927,1000,21.0,5,5,1
synthetic_datasets/fixed_col_size/structured_text_same_hinges/20160928-row21-col1000-date-03.txt - 1971-09-21-2014-09-20
STRUCT. SCORE: True
 MODEL: 19DD-0D-(0|1)D-(2|1)(0|9)DD-0D-(1|2)D
 Samples: 2016-03-05-1985-04-10,1970-12-11-2014-09-24,1986-10-08-2005-08-15,1990-01-16-2010-01-19,1998-09-05-1996-12-24


function,runtime_seconds,column_length,average_row_length,avg_num_hinges,max_num_hinges,num_branches
learn_structures_for_single_column,0.77999997139,1000,32.0,8,8,1
synthetic_datasets/fixed_col_size/structured_text_same_hinges/20160928-row32-col1000-date-01.txt - 1983-06-24-1971-09-21-1983-06-24
STRUCT. SCORE: True
 MODEL: 19DD-(0|1)D-0D-19(8|0)D-(0|1)D-(0|2)D-19DD-(0|1)D-0D
 Samples: 1992-11-06-1982-04-29-1992-11-06,1996-07-19-2001-11-07-1996-07-19,1993-01-07-1991-02-26-1993-01-07,1972-05-27-1979-12-01-1972-05-27,1981-12-04-2007-11-02-1981-12-04


function,runtime_seconds,column_length,average_row_length,avg_num_hinges,max_num_hinges,num_branches
learn_structures_for_single_column,0.960000038147,1000,32.0,8,8,1
synthetic_datasets/fixed_col_size/structured_text_same_hinges/20160928-row32-col1000-date-02.txt - 1983-06-24-2014-09-20-1971-09-21
STRUCT. SCORE: True
 MODEL: 19(7|8)D-0D-(1|0)D-19(9|7)D-0D-(2|1)D-(1|2)(9|0)DD-0D-(2|0)D
 Samples: 1974-03-18-1998-07-28-1989-09-23,1990-11-29-1971-03-17-2001-04-02,1985-12-14-1999-04-30-1979-05-29,1990-02-01-1995-05-07-1991-10-14,1970-12-20-1988-08-07-2013-01-24


function,runtime_seconds,column_length,average_row_length,avg_num_hinges,max_num_hinges,num_branches
learn_structures_for_single_column,1.07999992371,1000,32.0,8,8,1
synthetic_datasets/fixed_col_size/structured_text_same_hinges/20160928-row32-col1000-date-03.txt - 1971-09-21-2014-09-20-2014-09-20
STRUCT. SCORE: True
 MODEL: 19(9|7)D-0D-0D-19DD-(0|1)D-(1|3)D-19DD-(0|1)D-(1|3)D
 Samples: 1990-08-07-2016-01-30-2016-01-30,1990-12-01-1993-02-10-1993-02-10,1982-07-01-2013-03-16-2013-03-16,1975-10-31-1974-05-31-1974-05-31,1973-04-01-1987-12-11-1987-12-11


function,runtime_seconds
learn_structures_for_all_files_in_path,5.81999993324
Namespace(directory='synthetic_datasets/fixed_col_size/structured_text_same_hinges', errordetect=None, filename=None, output=None, threshold=None)
function,runtime_seconds,column_length,average_row_length,avg_num_hinges,max_num_hinges,num_branches
learn_structures_for_single_column,0.350000143051,1000,10.0,2,2,1
synthetic_datasets/fixed_col_size/structured_text_same_hinges/20160928-row10-col1000-date-01.txt - 1983-06-24
STRUCT. SCORE: True
 MODEL: 19DD-(0|1)D-D(7|0)
 Samples: 1998-10-10,2001-11-13,1977-02-27,2013-07-07,2016-02-07


function,runtime_seconds,column_length,average_row_length,avg_num_hinges,max_num_hinges,num_branches
learn_structures_for_single_column,0.349999904633,1000,10.0,2,2,1
synthetic_datasets/fixed_col_size/structured_text_same_hinges/20160928-row10-col1000-date-02.txt - 1971-09-21
STRUCT. SCORE: True
 MODEL: (1|2)(9|0)(0|9)D-(0|1)D-0D
 Samples: 1995-05-09,1972-04-28,2001-09-23,2008-12-04,1994-12-08


function,runtime_seconds,column_length,average_row_length,avg_num_hinges,max_num_hinges,num_branches
learn_structures_for_single_column,0.55999994278,1000,10.0,2,2,1
synthetic_datasets/fixed_col_size/structured_text_same_hinges/20160928-row10-col1000-date-03.txt - 2014-09-20
STRUCT. SCORE: True
 MODEL: 19(9|8)D-0D-(2|0)D
 Samples: 1987-06-24,1995-09-22,1991-01-31,1978-04-01,1975-03-05


function,runtime_seconds,column_length,average_row_length,avg_num_hinges,max_num_hinges,num_branches
learn_structures_for_single_column,0.549999952316,1000,21.0,5,5,1
synthetic_datasets/fixed_col_size/structured_text_same_hinges/20160928-row21-col1000-date-01.txt - 1983-06-24-1971-09-21
STRUCT. SCORE: True
 MODEL: (1|2)(9|0)DD-0D-(1|2)D-19DD-0D-1D
 Samples: 1978-06-18-2001-07-17,2005-07-25-1993-11-18,1987-06-04-1975-07-17,2006-05-25-1998-08-09,2013-12-28-2004-01-05


function,runtime_seconds,column_length,average_row_length,avg_num_hinges,max_num_hinges,num_branches
learn_structures_for_single_column,0.619999885559,1000,21.0,5,5,1
synthetic_datasets/fixed_col_size/structured_text_same_hinges/20160928-row21-col1000-date-02.txt - 1983-06-24-2014-09-20
STRUCT. SCORE: True
 MODEL: 19DD-0D-(1|0)D-(2|1)(0|9)(0|9)D-0D-(1|2)D
 Samples: 1974-01-13-2007-08-21,2014-02-11-2007-12-19,1973-04-14-1997-04-04,1982-12-11-2006-03-15,2001-10-26-1971-04-02


function,runtime_seconds,column_length,average_row_length,avg_num_hinges,max_num_hinges,num_branches
learn_structures_for_single_column,0.640000104904,1000,21.0,5,5,1
synthetic_datasets/fixed_col_size/structured_text_same_hinges/20160928-row21-col1000-date-03.txt - 1971-09-21-2014-09-20
STRUCT. SCORE: True
 MODEL: 20(1|0)D-0D-(2|1)D-19(9|0)D-0D-0D
 Samples: 2013-04-23-1991-09-04,2004-05-28-1970-06-08,1990-08-25-2007-12-31,2003-08-06-1987-01-03,2012-01-27-2000-11-06


function,runtime_seconds,column_length,average_row_length,avg_num_hinges,max_num_hinges,num_branches
learn_structures_for_single_column,0.879999876022,1000,32.0,8,8,1
synthetic_datasets/fixed_col_size/structured_text_same_hinges/20160928-row32-col1000-date-01.txt - 1983-06-24-1971-09-21-1983-06-24
STRUCT. SCORE: True
 MODEL: (1|2)(9|0)(0|7)D-0D-1D-19(7|0)D-(0|1)D-(1|0)D-(1|2)(9|0)(0|7)D-0D-1D
 Samples: 1987-07-10-1974-12-10-1987-07-10,1972-05-27-1979-12-01-1972-05-27,2004-01-22-1979-01-16-2004-01-22,2007-05-01-1972-04-28-2007-05-01,1972-09-12-2003-12-13-1972-09-12


function,runtime_seconds,column_length,average_row_length,avg_num_hinges,max_num_hinges,num_branches
learn_structures_for_single_column,0.869999885559,1000,32.0,8,8,1
synthetic_datasets/fixed_col_size/structured_text_same_hinges/20160928-row32-col1000-date-02.txt - 1983-06-24-2014-09-20-1971-09-21
STRUCT. SCORE: True
 MODEL: (2|1)(0|9)DD-0D-(2|1)D-19DD-(1|0)D-(2|1)D-19DD-0D-2D
 Samples: 2000-01-27-2003-03-17-1984-04-20,1972-07-04-1971-10-04-1977-10-17,2002-03-23-1991-10-28-1980-12-29,2014-09-15-1970-12-28-2008-02-21,1984-01-19-1984-12-28-1990-09-11


function,runtime_seconds,column_length,average_row_length,avg_num_hinges,max_num_hinges,num_branches
learn_structures_for_single_column,0.870000123978,1000,32.0,8,8,1
synthetic_datasets/fixed_col_size/structured_text_same_hinges/20160928-row32-col1000-date-03.txt - 1971-09-21-2014-09-20-2014-09-20
STRUCT. SCORE: True
 MODEL: 19DD-0D-(1|0)D-20(0|1)D-0D-(2|1)D-20(0|1)D-0D-(2|1)D
 Samples: 2009-03-30-2004-06-21-2004-06-21,1998-11-02-2004-12-03-2004-12-03,1975-10-31-2011-06-25-2011-06-25,1999-02-14-2012-12-01-2012-12-01,2011-07-05-1971-07-12-1971-07-12


function,runtime_seconds
learn_structures_for_all_files_in_path,5.83000016212
Namespace(directory='synthetic_datasets/fixed_col_size/structured_text_same_hinges', errordetect=None, filename=None, output=None, threshold=None)
function,runtime_seconds,column_length,average_row_length,avg_num_hinges,max_num_hinges,num_branches
learn_structures_for_single_column,0.419999837875,1000,10.0,2,2,1
synthetic_datasets/fixed_col_size/structured_text_same_hinges/20160928-row10-col1000-date-01.txt - 1983-06-24
STRUCT. SCORE: True
 MODEL: (1|2)(9|0)(9|0)D-0D-1D
 Samples: 1991-04-14,1998-11-16,2003-06-16,1999-10-24,2004-07-13


function,runtime_seconds,column_length,average_row_length,avg_num_hinges,max_num_hinges,num_branches
learn_structures_for_single_column,0.350000143051,1000,10.0,2,2,1
synthetic_datasets/fixed_col_size/structured_text_same_hinges/20160928-row10-col1000-date-02.txt - 1971-09-21
STRUCT. SCORE: True
 MODEL: 198D-0D-DD
 Samples: 1983-06-30,1988-11-27,2000-08-11,1982-07-01,1985-03-23


function,runtime_seconds,column_length,average_row_length,avg_num_hinges,max_num_hinges,num_branches
learn_structures_for_single_column,0.359999895096,1000,10.0,2,2,1
synthetic_datasets/fixed_col_size/structured_text_same_hinges/20160928-row10-col1000-date-03.txt - 2014-09-20
STRUCT. SCORE: True
 MODEL: 19(9|7)D-0D-(1|0)D
 Samples: 1999-10-08,1978-09-17,1978-01-16,1971-11-23,2009-07-24


function,runtime_seconds,column_length,average_row_length,avg_num_hinges,max_num_hinges,num_branches
learn_structures_for_single_column,0.620000123978,1000,21.0,5,5,1
synthetic_datasets/fixed_col_size/structured_text_same_hinges/20160928-row21-col1000-date-01.txt - 1983-06-24-1971-09-21
STRUCT. SCORE: True
 MODEL: (2|1)(0|9)DD-0D-DD-19(9|1)D-0D-(1|0)D
 Samples: 1984-04-30-1997-03-14,1974-03-21-2010-07-07,2009-09-14-1971-06-25,1977-08-06-1995-03-03,2013-02-16-2012-09-29


function,runtime_seconds,column_length,average_row_length,avg_num_hinges,max_num_hinges,num_branches
learn_structures_for_single_column,0.639999866486,1000,21.0,5,5,1
synthetic_datasets/fixed_col_size/structured_text_same_hinges/20160928-row21-col1000-date-02.txt - 1983-06-24-2014-09-20
STRUCT. SCORE: True
 MODEL: 19DD-0D-(0|2)D-20(0|1)D-0D-(1|2)D
 Samples: 2012-03-01-2005-02-18,1974-01-30-2008-01-27,1993-10-07-2014-01-03,1993-08-23-2000-06-24,1986-10-09-1977-07-09


function,runtime_seconds,column_length,average_row_length,avg_num_hinges,max_num_hinges,num_branches
learn_structures_for_single_column,0.560000181198,1000,21.0,5,5,1
synthetic_datasets/fixed_col_size/structured_text_same_hinges/20160928-row21-col1000-date-03.txt - 1971-09-21-2014-09-20
STRUCT. SCORE: True
 MODEL: 19(9|0)D-(0|1)D-(0|1)D-(1|2)(9|0)DD-0D-(0|1)(5|1)
 Samples: 1999-12-08-2011-11-05,1976-04-10-2002-01-03,2007-01-09-1998-04-24,1991-12-12-1989-06-15,2007-11-04-1981-06-05


function,runtime_seconds,column_length,average_row_length,avg_num_hinges,max_num_hinges,num_branches
learn_structures_for_single_column,0.839999914169,1000,32.0,8,8,1
synthetic_datasets/fixed_col_size/structured_text_same_hinges/20160928-row32-col1000-date-01.txt - 1983-06-24-1971-09-21-1983-06-24
STRUCT. SCORE: True
 MODEL: 19DD-0D-(1|2)D-19(7|8)D-0D-1D-19DD-0D-(1|2)D
 Samples: 1999-06-17-1973-06-12-1999-06-17,2010-11-03-1973-10-19-2010-11-03,1981-02-26-2000-07-25-1981-02-26,1980-09-24-1978-06-16-1980-09-24,1993-10-07-1974-10-13-1993-10-07


function,runtime_seconds,column_length,average_row_length,avg_num_hinges,max_num_hinges,num_branches
learn_structures_for_single_column,0.80999994278,1000,32.0,8,8,1
synthetic_datasets/fixed_col_size/structured_text_same_hinges/20160928-row32-col1000-date-02.txt - 1983-06-24-2014-09-20-1971-09-21
STRUCT. SCORE: True
 MODEL: 20(0|1)D-0D-1D-19DD-0D-(1|2)D-19DD-0D-(1|0)D
 Samples: 2007-12-18-1998-01-27-1998-11-29,1979-02-19-1983-08-18-1972-05-13,2001-06-02-1970-03-14-2006-10-05,2008-05-09-2000-12-17-1971-07-08,1995-11-13-1976-08-23-1988-04-15


function,runtime_seconds,column_length,average_row_length,avg_num_hinges,max_num_hinges,num_branches
learn_structures_for_single_column,0.840000152588,1000,32.0,8,8,1
synthetic_datasets/fixed_col_size/structured_text_same_hinges/20160928-row32-col1000-date-03.txt - 1971-09-21-2014-09-20-2014-09-20
STRUCT. SCORE: True
 MODEL: (2|1)(0|9)DD-0D-(2|1)D-19(8|0)D-0D-(0|1)D-19(8|0)D-0D-(0|1)D
 Samples: 2013-11-21-1986-03-05-1986-03-05,2015-10-13-1989-11-06-1989-11-06,1980-01-19-1983-07-05-1983-07-05,2002-05-26-2007-10-23-2007-10-23,1993-02-27-2004-07-13-2004-07-13


function,runtime_seconds
learn_structures_for_all_files_in_path,5.59000015259
Namespace(directory='synthetic_datasets/fixed_col_size/structured_text_same_hinges', errordetect=None, filename=None, output=None, threshold=None)
function,runtime_seconds,column_length,average_row_length,avg_num_hinges,max_num_hinges,num_branches
learn_structures_for_single_column,0.389999866486,1000,10.0,2,2,1
synthetic_datasets/fixed_col_size/structured_text_same_hinges/20160928-row10-col1000-date-01.txt - 1983-06-24
STRUCT. SCORE: True
 MODEL: 19(8|1)D-0D-(1|0)D
 Samples: 1988-03-30,1990-02-01,2010-05-02,2011-11-12,1974-07-19


function,runtime_seconds,column_length,average_row_length,avg_num_hinges,max_num_hinges,num_branches
learn_structures_for_single_column,0.410000085831,1000,10.0,2,2,1
synthetic_datasets/fixed_col_size/structured_text_same_hinges/20160928-row10-col1000-date-02.txt - 1971-09-21
STRUCT. SCORE: True
 MODEL: 19(7|9)D-0D-1D
 Samples: 1972-09-15,1996-04-10,1977-01-17,1974-09-24,1997-11-04


function,runtime_seconds,column_length,average_row_length,avg_num_hinges,max_num_hinges,num_branches
learn_structures_for_single_column,0.339999914169,1000,10.0,2,2,1
synthetic_datasets/fixed_col_size/structured_text_same_hinges/20160928-row10-col1000-date-03.txt - 2014-09-20
STRUCT. SCORE: True
 MODEL: (2|1)(0|9)DD-0D-DD
 Samples: 2014-01-11,1993-11-25,1971-04-02,2001-12-02,2014-05-07


function,runtime_seconds,column_length,average_row_length,avg_num_hinges,max_num_hinges,num_branches
learn_structures_for_single_column,0.650000095367,1000,21.0,5,5,1
synthetic_datasets/fixed_col_size/structured_text_same_hinges/20160928-row21-col1000-date-01.txt - 1983-06-24-1971-09-21
STRUCT. SCORE: True
 MODEL: 19(8|7)D-(0|1)D-(1|0)D-19DD-(0|1)D-0D
 Samples: 1983-08-05-1972-10-09,1992-10-20-1993-03-26,1974-04-19-2002-12-01,1977-12-20-1999-06-01,1989-12-08-2004-11-30


function,runtime_seconds,column_length,average_row_length,avg_num_hinges,max_num_hinges,num_branches
learn_structures_for_single_column,0.799999952316,1000,21.0,5,5,1
synthetic_datasets/fixed_col_size/structured_text_same_hinges/20160928-row21-col1000-date-02.txt - 1983-06-24-2014-09-20
STRUCT. SCORE: True
 MODEL: 19(7|8)D-0D-(0|2)D-198D-0D-(2|1)D
 Samples: 1992-03-09-1983-06-08,1972-05-27-1984-09-24,1978-11-17-1973-10-30,1984-04-30-1986-05-27,1980-09-08-1972-06-18


function,runtime_seconds,column_length,average_row_length,avg_num_hinges,max_num_hinges,num_branches
learn_structures_for_single_column,0.530000209808,1000,21.0,5,5,1
synthetic_datasets/fixed_col_size/structured_text_same_hinges/20160928-row21-col1000-date-03.txt - 1971-09-21-2014-09-20
STRUCT. SCORE: True
 MODEL: (2|1)(0|9)DD-(1|0)D-(1|0)D-(2|1)(0|9)DD-0D-(2|0)D
 Samples: 1976-12-18-2008-12-28,2002-05-18-1980-06-30,2001-07-23-1999-08-06,1997-11-04-2014-04-29,1989-02-24-1970-09-13


function,runtime_seconds,column_length,average_row_length,avg_num_hinges,max_num_hinges,num_branches
learn_structures_for_single_column,0.829999923706,1000,32.0,8,8,1
synthetic_datasets/fixed_col_size/structured_text_same_hinges/20160928-row32-col1000-date-01.txt - 1983-06-24-1971-09-21-1983-06-24
STRUCT. SCORE: True
 MODEL: 19(7|9)D-0D-(0|1)D-20(1|9)D-0(2|7)-(0|2)D-19(7|9)D-0D-(0|1)D
 Samples: 1977-02-04-2015-02-27-1977-02-04,1994-04-02-1992-07-03-1994-04-02,1996-09-21-1990-07-11-1996-09-21,1989-11-07-1994-07-02-1989-11-07,1976-07-18-2013-02-05-1976-07-18


function,runtime_seconds,column_length,average_row_length,avg_num_hinges,max_num_hinges,num_branches
learn_structures_for_single_column,0.819999933243,1000,32.0,8,8,1
synthetic_datasets/fixed_col_size/structured_text_same_hinges/20160928-row32-col1000-date-02.txt - 1983-06-24-2014-09-20-1971-09-21
STRUCT. SCORE: True
 MODEL: 19(7|9)D-0D-(2|0)D-19(7|9)D-(0|1)(1|8)-(2|0)D-19DD-0D-(0|1)D
 Samples: 1975-02-09-1971-11-23-2004-10-10,1991-03-26-1972-12-06-1992-07-09,2006-08-21-2009-06-27-1975-07-07,1978-01-31-1998-01-05-2015-08-03,1977-11-14-1987-11-21-1985-03-20


function,runtime_seconds,column_length,average_row_length,avg_num_hinges,max_num_hinges,num_branches
learn_structures_for_single_column,0.810000181198,1000,32.0,8,8,1
synthetic_datasets/fixed_col_size/structured_text_same_hinges/20160928-row32-col1000-date-03.txt - 1971-09-21-2014-09-20-2014-09-20
STRUCT. SCORE: True
 MODEL: 19DD-(0|1)D-(0|1)D-19(7|1)D-0D-(2|1)D-19(7|1)D-0D-(2|1)D
 Samples: 1982-12-07-2014-06-21-2014-06-21,1997-06-15-1992-02-12-1992-02-12,2013-04-09-1970-02-05-1970-02-05,1996-05-24-2009-01-04-2009-01-04,1975-11-11-1970-04-17-1970-04-17


function,runtime_seconds
learn_structures_for_all_files_in_path,5.73000001907
Namespace(directory='synthetic_datasets/fixed_col_size/structured_text_same_hinges', errordetect=None, filename=None, output=None, threshold=None)
function,runtime_seconds,column_length,average_row_length,avg_num_hinges,max_num_hinges,num_branches
learn_structures_for_single_column,0.399999856949,1000,10.0,2,2,1
synthetic_datasets/fixed_col_size/structured_text_same_hinges/20160928-row10-col1000-date-01.txt - 1983-06-24
STRUCT. SCORE: True
 MODEL: 19(8|9)D-0D-(1|0)D
 Samples: 1981-01-19,2003-06-07,1987-07-10,2006-11-01,1999-03-08


function,runtime_seconds,column_length,average_row_length,avg_num_hinges,max_num_hinges,num_branches
learn_structures_for_single_column,0.360000133514,1000,10.0,2,2,1
synthetic_datasets/fixed_col_size/structured_text_same_hinges/20160928-row10-col1000-date-02.txt - 1971-09-21
STRUCT. SCORE: True
 MODEL: 19(9|7)D-(0|1)D-(1|2)D
 Samples: 1976-11-12,1991-02-26,1994-09-29,2006-12-21,1974-11-07


function,runtime_seconds,column_length,average_row_length,avg_num_hinges,max_num_hinges,num_branches
learn_structures_for_single_column,0.359999895096,1000,10.0,2,2,1
synthetic_datasets/fixed_col_size/structured_text_same_hinges/20160928-row10-col1000-date-03.txt - 2014-09-20
STRUCT. SCORE: True
 MODEL: 19DD-0D-(1|0)D
 Samples: 2002-08-21,1999-11-19,1982-03-21,1976-06-07,1997-04-04


function,runtime_seconds,column_length,average_row_length,avg_num_hinges,max_num_hinges,num_branches
learn_structures_for_single_column,0.660000085831,1000,21.0,5,5,1
synthetic_datasets/fixed_col_size/structured_text_same_hinges/20160928-row21-col1000-date-01.txt - 1983-06-24-1971-09-21
STRUCT. SCORE: True
 MODEL: (1|2)(9|0)DD-0D-DD-(2|1)(0|9)DD-0D-(1|2)(0|3)
 Samples: 1974-04-15-2008-09-10,2011-11-06-2000-01-13,2014-12-31-1993-02-14,1972-01-23-1996-02-20,1988-01-21-1979-01-03


function,runtime_seconds,column_length,average_row_length,avg_num_hinges,max_num_hinges,num_branches
learn_structures_for_single_column,0.52999997139,1000,21.0,5,5,1
synthetic_datasets/fixed_col_size/structured_text_same_hinges/20160928-row21-col1000-date-02.txt - 1983-06-24-2014-09-20
STRUCT. SCORE: True
 MODEL: (2|1)(0|9)DD-(1|0)D-(0|2)D-19DD-0D-(1|0)D
 Samples: 1977-06-01-1995-04-12,1971-11-24-1998-07-01,2002-10-13-1986-07-18,2008-05-09-2000-12-17,2000-06-09-1970-04-25


function,runtime_seconds,column_length,average_row_length,avg_num_hinges,max_num_hinges,num_branches
learn_structures_for_single_column,0.569999933243,1000,21.0,5,5,1
synthetic_datasets/fixed_col_size/structured_text_same_hinges/20160928-row21-col1000-date-03.txt - 1971-09-21-2014-09-20
STRUCT. SCORE: True
 MODEL: 19DD-0D-(0|2)D-(1|2)(9|0)DD-(0|1)D-2D
 Samples: 1979-11-06-2013-06-20,2004-08-23-2007-11-11,1982-12-05-1977-10-07,1984-03-17-1999-11-28,2013-05-15-1980-07-02


function,runtime_seconds,column_length,average_row_length,avg_num_hinges,max_num_hinges,num_branches
learn_structures_for_single_column,0.839999914169,1000,32.0,8,8,1
synthetic_datasets/fixed_col_size/structured_text_same_hinges/20160928-row32-col1000-date-01.txt - 1983-06-24-1971-09-21-1983-06-24
STRUCT. SCORE: True
 MODEL: (2|1)(0|9)DD-0D-(0|1)D-19DD-0D-(1|2)D-(2|1)(0|9)DD-0D-(0|1)D
 Samples: 1974-05-04-1972-09-15-1974-05-04,2005-11-14-2003-01-24-2005-11-14,1980-06-28-2003-03-14-1980-06-28,2015-03-19-1989-07-03-2015-03-19,1972-08-09-1980-07-06-1972-08-09


function,runtime_seconds,column_length,average_row_length,avg_num_hinges,max_num_hinges,num_branches
learn_structures_for_single_column,0.740000009537,1000,32.0,8,8,1
synthetic_datasets/fixed_col_size/structured_text_same_hinges/20160928-row32-col1000-date-02.txt - 1983-06-24-2014-09-20-1971-09-21
STRUCT. SCORE: True
 MODEL: (2|1)(0|9)DD-0D-(1|2)D-19DD-0D-(0|1)D-19(7|1)D-0D-(2|1)D
 Samples: 2001-05-19-2012-04-04-1979-02-28,1987-06-04-1978-02-22-1975-07-17,1977-03-03-1976-06-07-2014-01-01,2014-02-22-1976-09-07-1972-07-10,2011-11-11-2007-08-21-2000-04-24


function,runtime_seconds,column_length,average_row_length,avg_num_hinges,max_num_hinges,num_branches
learn_structures_for_single_column,0.789999961853,1000,32.0,8,8,1
synthetic_datasets/fixed_col_size/structured_text_same_hinges/20160928-row32-col1000-date-03.txt - 1971-09-21-2014-09-20-2014-09-20
STRUCT. SCORE: True
 MODEL: 19DD-0D-0D-19(7|1)D-(1|0)D-(2|0)D-19(7|1)D-(1|0)D-(2|0)D
 Samples: 1975-01-09-1976-11-21-1976-11-21,1977-05-09-1976-10-11-1976-10-11,1983-03-16-1988-11-24-1988-11-24,2012-10-09-2011-08-08-2011-08-08,2016-01-03-1987-04-25-1987-04-25


function,runtime_seconds
learn_structures_for_all_files_in_path,5.39999985695
1 loops, best of 10: 6.13 sec per loop
