Namespace(directory='synthetic_datasets/fixed_col_size/structured_text_same_hinges', errordetect=None, filename=None, output=None, threshold=None)
function,runtime_seconds,column_length,average_row_length,avg_num_hinges,max_num_hinges,num_branches
learn_structures_for_single_column,0.480000019073,1000,10.0,2,2,1
synthetic_datasets/fixed_col_size/structured_text_same_hinges/20160928-row10-col1000-date-01.txt - 1983-06-24
STRUCT. SCORE: True
 MODEL: (1|2)(9|0)DD-0(7|1)-(0|2)D
 Samples: 1998-07-01,2010-07-20,2005-05-08,1989-01-28,1994-07-22


function,runtime_seconds,column_length,average_row_length,avg_num_hinges,max_num_hinges,num_branches
learn_structures_for_single_column,0.47000002861,1000,10.0,2,2,1
synthetic_datasets/fixed_col_size/structured_text_same_hinges/20160928-row10-col1000-date-02.txt - 1971-09-21
STRUCT. SCORE: True
 MODEL: (1|2)(9|0)DD-0D-(1|2)D
 Samples: 1994-10-29,1999-02-12,2008-09-10,1974-03-13,2006-08-28


function,runtime_seconds,column_length,average_row_length,avg_num_hinges,max_num_hinges,num_branches
learn_structures_for_single_column,0.52999997139,1000,10.0,2,2,1
synthetic_datasets/fixed_col_size/structured_text_same_hinges/20160928-row10-col1000-date-03.txt - 2014-09-20
STRUCT. SCORE: True
 MODEL: 19(9|8)D-0D-(2|0)D
 Samples: 1989-04-08,1999-06-25,1980-03-28,1995-11-27,1995-09-03


function,runtime_seconds,column_length,average_row_length,avg_num_hinges,max_num_hinges,num_branches
learn_structures_for_single_column,0.759999990463,1000,21.0,5,5,1
synthetic_datasets/fixed_col_size/structured_text_same_hinges/20160928-row21-col1000-date-01.txt - 1983-06-24-1971-09-21
STRUCT. SCORE: True
 MODEL: 19(9|7)D-0D-2D-(2|1)(0|9)(7|1)D-0D-(2|0)D
 Samples: 1990-05-27-1974-09-27,1993-03-25-2013-04-09,1986-12-25-2007-06-25,1979-05-04-2013-09-21,1992-12-24-2011-10-17


function,runtime_seconds,column_length,average_row_length,avg_num_hinges,max_num_hinges,num_branches
learn_structures_for_single_column,0.630000114441,1000,21.0,5,5,1
synthetic_datasets/fixed_col_size/structured_text_same_hinges/20160928-row21-col1000-date-02.txt - 1983-06-24-2014-09-20
STRUCT. SCORE: True
 MODEL: 19(8|0)D-0(1|9)-(0|1)(7|9)-(1|2)(9|0)DD-0D-(0|2)D
 Samples: 2009-01-07-2016-05-04,1982-04-23-1979-08-06,1993-01-07-2000-06-25,1983-01-27-1997-08-07,1989-03-17-1989-05-14


function,runtime_seconds,column_length,average_row_length,avg_num_hinges,max_num_hinges,num_branches
learn_structures_for_single_column,0.669999837875,1000,21.0,5,5,1
synthetic_datasets/fixed_col_size/structured_text_same_hinges/20160928-row21-col1000-date-03.txt - 1971-09-21-2014-09-20
STRUCT. SCORE: True
 MODEL: (1|2)(9|0)DD-0D-(0|2)D-(1|2)(9|0)DD-0D-2D
 Samples: 1989-09-07-2011-01-29,2008-09-29-1975-04-24,1996-06-22-1985-05-25,2007-03-05-2002-08-21,2009-05-16-1972-09-03


function,runtime_seconds,column_length,average_row_length,avg_num_hinges,max_num_hinges,num_branches
learn_structures_for_single_column,0.869999885559,1000,32.0,8,8,1
synthetic_datasets/fixed_col_size/structured_text_same_hinges/20160928-row32-col1000-date-01.txt - 1983-06-24-1971-09-21-1983-06-24
STRUCT. SCORE: True
 MODEL: (2|1)(0|9)D(0|1)-0D-2D-19(9|7)D-0D-(0|2)D-(2|1)(0|9)D(0|1)-0D-2D
 Samples: 2010-06-23-1990-05-01-2010-06-23,2005-01-28-1996-07-07-2005-01-28,1990-05-27-1974-09-27-1990-05-27,2014-05-04-1979-12-01-2014-05-04,2010-03-24-2010-12-22-2010-03-24


function,runtime_seconds,column_length,average_row_length,avg_num_hinges,max_num_hinges,num_branches
learn_structures_for_single_column,0.77999997139,1000,32.0,8,8,1
synthetic_datasets/fixed_col_size/structured_text_same_hinges/20160928-row32-col1000-date-02.txt - 1983-06-24-2014-09-20-1971-09-21
STRUCT. SCORE: True
 MODEL: 20(0|1)D-0D-(1|0)D-19DD-0D-(0|2)D-19DD-(0|1)D-(2|0)D
 Samples: 2013-05-09-1987-06-24-1985-12-07,2009-09-14-2012-07-31-1971-06-25,1986-09-09-1983-11-07-2002-10-31,2002-01-11-1976-01-03-2014-11-07,1971-11-24-1998-07-01-1986-03-29


function,runtime_seconds,column_length,average_row_length,avg_num_hinges,max_num_hinges,num_branches
learn_structures_for_single_column,0.900000095367,1000,32.0,8,8,1
synthetic_datasets/fixed_col_size/structured_text_same_hinges/20160928-row32-col1000-date-03.txt - 1971-09-21-2014-09-20-2014-09-20
STRUCT. SCORE: True
 MODEL: 19(8|7)D-(1|0)D-(0|1)D-19DD-(0|1)D-1D-19DD-(0|1)D-1D
 Samples: 1987-10-16-1992-12-16-1992-12-16,1984-01-09-2008-05-14-2008-05-14,1974-04-30-1983-05-16-1983-05-16,1985-11-08-2013-12-12-2013-12-12,1979-11-24-1974-10-17-1974-10-17


function,runtime_seconds
learn_structures_for_all_files_in_path,6.25
Namespace(directory='synthetic_datasets/fixed_col_size/structured_text_same_hinges', errordetect=None, filename=None, output=None, threshold=None)
function,runtime_seconds,column_length,average_row_length,avg_num_hinges,max_num_hinges,num_branches
learn_structures_for_single_column,0.430000066757,1000,10.0,2,2,1
synthetic_datasets/fixed_col_size/structured_text_same_hinges/20160928-row10-col1000-date-01.txt - 1983-06-24
STRUCT. SCORE: True
 MODEL: 19DD-0D-(1|2)D
 Samples: 2007-05-10,1997-10-02,1974-06-08,1984-12-29,1991-01-23


function,runtime_seconds,column_length,average_row_length,avg_num_hinges,max_num_hinges,num_branches
learn_structures_for_single_column,0.390000104904,1000,10.0,2,2,1
synthetic_datasets/fixed_col_size/structured_text_same_hinges/20160928-row10-col1000-date-02.txt - 1971-09-21
STRUCT. SCORE: True
 MODEL: 19DD-0D-(0|2)1
 Samples: 1984-05-01,1972-10-09,2009-02-21,1976-04-10,1999-06-01


function,runtime_seconds,column_length,average_row_length,avg_num_hinges,max_num_hinges,num_branches
learn_structures_for_single_column,0.349999904633,1000,10.0,2,2,1
synthetic_datasets/fixed_col_size/structured_text_same_hinges/20160928-row10-col1000-date-03.txt - 2014-09-20
STRUCT. SCORE: True
 MODEL: (1|2)(9|0)DD-0D-2D
 Samples: 1992-02-21,2007-11-10,1985-06-16,1990-01-23,2012-10-03


function,runtime_seconds,column_length,average_row_length,avg_num_hinges,max_num_hinges,num_branches
learn_structures_for_single_column,0.650000095367,1000,21.0,5,5,1
synthetic_datasets/fixed_col_size/structured_text_same_hinges/20160928-row21-col1000-date-01.txt - 1983-06-24-1971-09-21
STRUCT. SCORE: True
 MODEL: (1|2)(9|0)DD-0D-(1|0)D-(2|1)(0|9)(0|7)D-(0|1)D-(0|1)D
 Samples: 1974-04-19-2002-12-01,1985-04-06-1987-06-22,2014-07-17-1982-04-10,2010-09-20-1973-07-14,1982-07-01-2003-11-10


function,runtime_seconds,column_length,average_row_length,avg_num_hinges,max_num_hinges,num_branches
learn_structures_for_single_column,0.730000019073,1000,21.0,5,5,1
synthetic_datasets/fixed_col_size/structured_text_same_hinges/20160928-row21-col1000-date-02.txt - 1983-06-24-2014-09-20
STRUCT. SCORE: True
 MODEL: (2|1)(0|9)DD-0D-(1|0)D-19(9|0)D-(0|1)D-0D
 Samples: 2016-04-14-1992-06-02,1980-10-13-1999-12-01,1990-02-14-2004-12-03,1976-02-05-2002-06-02,1981-08-24-1994-11-17


function,runtime_seconds,column_length,average_row_length,avg_num_hinges,max_num_hinges,num_branches
learn_structures_for_single_column,0.77999997139,1000,21.0,5,5,1
synthetic_datasets/fixed_col_size/structured_text_same_hinges/20160928-row21-col1000-date-03.txt - 1971-09-21-2014-09-20
STRUCT. SCORE: True
 MODEL: 19(7|9)D-0D-(1|0)D-19(9|8)D-0D-DD
 Samples: 1997-06-15-1992-02-12,1985-04-17-1977-04-28,1978-08-25-1981-03-20,1974-03-13-1995-08-31,1979-02-09-1994-09-01


function,runtime_seconds,column_length,average_row_length,avg_num_hinges,max_num_hinges,num_branches
learn_structures_for_single_column,1.00999999046,1000,32.0,8,8,1
synthetic_datasets/fixed_col_size/structured_text_same_hinges/20160928-row32-col1000-date-01.txt - 1983-06-24-1971-09-21-1983-06-24
STRUCT. SCORE: True
 MODEL: 19(7|9)D-1D-(1|0)(2|1)-19(7|9)D-(0|1)D-0D-19(7|9)D-1D-(1|0)(2|1)
 Samples: 1979-12-02-1972-12-04-1979-12-02,1981-12-01-1993-03-08-1981-12-01,1989-10-11-1993-06-14-1989-10-11,2000-05-17-1970-04-02-2000-05-17,1974-10-22-1987-04-09-1974-10-22


function,runtime_seconds,column_length,average_row_length,avg_num_hinges,max_num_hinges,num_branches
learn_structures_for_single_column,1.01999998093,1000,32.0,8,8,1
synthetic_datasets/fixed_col_size/structured_text_same_hinges/20160928-row32-col1000-date-02.txt - 1983-06-24-2014-09-20-1971-09-21
STRUCT. SCORE: True
 MODEL: 198D-0D-(1|0)D-19(7|0)D-0D-(0|2)D-19(8|9)D-0D-(2|1)D
 Samples: 1985-08-15-1973-01-09-1982-05-20,1989-01-06-1976-10-04-1999-05-29,2000-02-15-1977-07-10-1997-12-05,1983-04-10-2000-06-01-1974-11-11,1987-06-27-2007-09-28-1986-02-18


function,runtime_seconds,column_length,average_row_length,avg_num_hinges,max_num_hinges,num_branches
learn_structures_for_single_column,0.97000002861,1000,32.0,8,8,1
synthetic_datasets/fixed_col_size/structured_text_same_hinges/20160928-row32-col1000-date-03.txt - 1971-09-21-2014-09-20-2014-09-20
STRUCT. SCORE: True
 MODEL: (2|1)(0|9)D(4|0)-0D-(1|0)D-(2|1)(0|9)DD-(0|1)D-(2|1)D-(2|1)(0|9)DD-(0|1)D-(2|1)D
 Samples: 2004-03-10-1978-12-17-1978-12-17,1970-03-02-2001-05-25-2001-05-25,1970-04-29-2008-11-28-2008-11-28,1994-12-08-1985-03-03-1985-03-03,2014-05-21-2015-12-17-2015-12-17


function,runtime_seconds
learn_structures_for_all_files_in_path,6.48000001907
Namespace(directory='synthetic_datasets/fixed_col_size/structured_text_same_hinges', errordetect=None, filename=None, output=None, threshold=None)
function,runtime_seconds,column_length,average_row_length,avg_num_hinges,max_num_hinges,num_branches
learn_structures_for_single_column,0.339999914169,1000,10.0,2,2,1
synthetic_datasets/fixed_col_size/structured_text_same_hinges/20160928-row10-col1000-date-01.txt - 1983-06-24
STRUCT. SCORE: True
 MODEL: 19DD-0D-(2|1)D
 Samples: 1995-05-13,1971-04-25,1993-09-01,2010-11-15,2014-01-27


function,runtime_seconds,column_length,average_row_length,avg_num_hinges,max_num_hinges,num_branches
learn_structures_for_single_column,0.339999914169,1000,10.0,2,2,1
synthetic_datasets/fixed_col_size/structured_text_same_hinges/20160928-row10-col1000-date-02.txt - 1971-09-21
STRUCT. SCORE: True
 MODEL: 19DD-(0|1)D-(1|0)D
 Samples: 2003-12-13,1975-09-11,1986-01-11,1993-07-15,1977-12-28


function,runtime_seconds,column_length,average_row_length,avg_num_hinges,max_num_hinges,num_branches
learn_structures_for_single_column,0.370000123978,1000,10.0,2,2,1
synthetic_datasets/fixed_col_size/structured_text_same_hinges/20160928-row10-col1000-date-03.txt - 2014-09-20
STRUCT. SCORE: True
 MODEL: (2|1)(0|9)(0|8)D-0D-(2|0)D
 Samples: 1983-02-24,2000-02-08,1979-04-22,2005-03-19,2009-06-27


function,runtime_seconds,column_length,average_row_length,avg_num_hinges,max_num_hinges,num_branches
learn_structures_for_single_column,0.650000095367,1000,21.0,5,5,1
synthetic_datasets/fixed_col_size/structured_text_same_hinges/20160928-row21-col1000-date-01.txt - 1983-06-24-1971-09-21
STRUCT. SCORE: True
 MODEL: 20(0|9)D-0D-(0|1)D-(1|2)(9|0)(9|1)(6|7)-(0|1)D-(1|0)D
 Samples: 2005-09-20-2016-03-08,1996-02-01-1990-08-12,1989-03-07-1987-10-16,2014-04-08-2006-11-03,2005-04-11-1993-08-10


function,runtime_seconds,column_length,average_row_length,avg_num_hinges,max_num_hinges,num_branches
learn_structures_for_single_column,0.619999885559,1000,21.0,5,5,1
synthetic_datasets/fixed_col_size/structured_text_same_hinges/20160928-row21-col1000-date-02.txt - 1983-06-24-2014-09-20
STRUCT. SCORE: True
 MODEL: 19DD-0D-(1|2)D-20(1|0)D-0D-(2|0)D
 Samples: 1987-03-14-2013-05-24,1981-01-19-2014-12-12,1983-04-10-2000-06-01,1995-01-23-1983-07-19,2009-01-07-2016-05-04


function,runtime_seconds,column_length,average_row_length,avg_num_hinges,max_num_hinges,num_branches
learn_structures_for_single_column,0.660000085831,1000,21.0,5,5,1
synthetic_datasets/fixed_col_size/structured_text_same_hinges/20160928-row21-col1000-date-03.txt - 1971-09-21-2014-09-20
STRUCT. SCORE: True
 MODEL: 19(8|9)D-0D-(1|0)D-(1|2)(9|0)DD-0D-1D
 Samples: 1982-08-07-2003-04-15,1994-01-10-1994-10-11,1996-02-15-1982-09-03,1974-09-29-2011-09-15,1988-09-20-2015-10-31


function,runtime_seconds,column_length,average_row_length,avg_num_hinges,max_num_hinges,num_branches
learn_structures_for_single_column,1.09999990463,1000,32.0,8,8,1
synthetic_datasets/fixed_col_size/structured_text_same_hinges/20160928-row32-col1000-date-01.txt - 1983-06-24-1971-09-21-1983-06-24
STRUCT. SCORE: True
 MODEL: (1|2)(9|0)(7|0)D-0D-(0|1)(1|0)-19(9|8)D-(1|0)D-(2|1)D-(1|2)(9|0)(7|0)D-0D-(0|1)(1|0)
 Samples: 2002-03-01-1982-10-21-2002-03-01,1970-09-11-1978-10-20-1970-09-11,1973-04-06-1991-01-31-1973-04-06,2014-03-10-1976-12-18-2014-03-10,2007-01-06-1998-09-10-2007-01-06


function,runtime_seconds,column_length,average_row_length,avg_num_hinges,max_num_hinges,num_branches
learn_structures_for_single_column,0.920000076294,1000,32.0,8,8,1
synthetic_datasets/fixed_col_size/structured_text_same_hinges/20160928-row32-col1000-date-02.txt - 1983-06-24-2014-09-20-1971-09-21
STRUCT. SCORE: True
 MODEL: 19(9|0)D-0D-(0|1)D-20DD-0D-(1|0)D-19(9|8)D-0(4|0)-0D
 Samples: 1992-01-10-2003-10-10-1993-10-14,1991-04-09-1975-11-08-1987-04-08,2009-12-03-1977-01-10-1971-04-09,1982-10-04-2001-06-28-1992-05-19,1979-04-03-2016-05-05-1989-04-05


function,runtime_seconds,column_length,average_row_length,avg_num_hinges,max_num_hinges,num_branches
learn_structures_for_single_column,0.900000095367,1000,32.0,8,8,1
synthetic_datasets/fixed_col_size/structured_text_same_hinges/20160928-row32-col1000-date-03.txt - 1971-09-21-2014-09-20-2014-09-20
STRUCT. SCORE: True
 MODEL: 19(8|7)D-0(2|9)-2D-19DD-(1|0)D-(2|0)D-19DD-(1|0)D-(2|0)D
 Samples: 1980-12-29-1991-10-28-1991-10-28,1984-06-26-2012-12-09-2012-12-09,1972-07-10-1976-09-07-1976-09-07,1973-07-14-1983-01-23-1983-01-23,1976-09-26-1983-11-27-1983-11-27


function,runtime_seconds
learn_structures_for_all_files_in_path,6.03999996185
Namespace(directory='synthetic_datasets/fixed_col_size/structured_text_same_hinges', errordetect=None, filename=None, output=None, threshold=None)
function,runtime_seconds,column_length,average_row_length,avg_num_hinges,max_num_hinges,num_branches
learn_structures_for_single_column,0.710999965668,1000,10.0,2,2,1
synthetic_datasets/fixed_col_size/structured_text_same_hinges/20160928-row10-col1000-date-01.txt - 1983-06-24
STRUCT. SCORE: True
 MODEL: (2|1)(0|9)(1|8)D-0D-(2|1)D
 Samples: 2013-03-13,1978-07-20,2010-03-26,2015-06-03,1987-06-27


function,runtime_seconds,column_length,average_row_length,avg_num_hinges,max_num_hinges,num_branches
learn_structures_for_single_column,0.710000038147,1000,10.0,2,2,1
synthetic_datasets/fixed_col_size/structured_text_same_hinges/20160928-row10-col1000-date-02.txt - 1971-09-21
STRUCT. SCORE: True
 MODEL: 19DD-0D-1D
 Samples: 1978-10-10,2014-05-17,1975-02-16,2004-01-05,1990-08-25


function,runtime_seconds,column_length,average_row_length,avg_num_hinges,max_num_hinges,num_branches
learn_structures_for_single_column,1.12400007248,1000,10.0,2,2,1
synthetic_datasets/fixed_col_size/structured_text_same_hinges/20160928-row10-col1000-date-03.txt - 2014-09-20
STRUCT. SCORE: True
 MODEL: (2|1)(0|9)D(5|9)-(0|1)D-(1|0)(1|7)
 Samples: 1995-11-17,1999-12-01,2000-06-07,2005-11-11,2000-07-01


function,runtime_seconds,column_length,average_row_length,avg_num_hinges,max_num_hinges,num_branches
learn_structures_for_single_column,1.27300000191,1000,21.0,5,5,1
synthetic_datasets/fixed_col_size/structured_text_same_hinges/20160928-row21-col1000-date-01.txt - 1983-06-24-1971-09-21
STRUCT. SCORE: True
 MODEL: 19DD-0D-(1|0)D-(1|2)(9|0)(8|0)D-(0|1)D-(0|2)D
 Samples: 2000-08-10-1982-12-05,1971-04-25-1989-03-04,2009-07-18-2016-06-27,1981-12-04-2007-11-02,1973-06-11-1979-03-07


function,runtime_seconds,column_length,average_row_length,avg_num_hinges,max_num_hinges,num_branches
learn_structures_for_single_column,1.00600004196,1000,21.0,5,5,1
synthetic_datasets/fixed_col_size/structured_text_same_hinges/20160928-row21-col1000-date-02.txt - 1983-06-24-2014-09-20
STRUCT. SCORE: True
 MODEL: 19DD-0D-1D-197(6|9)-0D-2D
 Samples: 1995-11-13-1976-08-23,1980-10-11-2003-01-20,1986-06-19-1979-04-22,1990-01-09-1976-11-28,1987-07-10-2006-08-11


function,runtime_seconds,column_length,average_row_length,avg_num_hinges,max_num_hinges,num_branches
learn_structures_for_single_column,0.578999996185,1000,21.0,5,5,1
synthetic_datasets/fixed_col_size/structured_text_same_hinges/20160928-row21-col1000-date-03.txt - 1971-09-21-2014-09-20
STRUCT. SCORE: True
 MODEL: 20(0|9)D-0D-(2|1)D-19DD-0D-DD
 Samples: 2007-08-29-1991-01-31,1988-04-15-1976-08-23,2002-07-02-1970-09-05,2007-06-25-2009-10-15,1990-09-11-1984-12-28


function,runtime_seconds,column_length,average_row_length,avg_num_hinges,max_num_hinges,num_branches
learn_structures_for_single_column,0.820000171661,1000,32.0,8,8,1
synthetic_datasets/fixed_col_size/structured_text_same_hinges/20160928-row32-col1000-date-01.txt - 1983-06-24-1971-09-21-1983-06-24
STRUCT. SCORE: True
 MODEL: 19DD-0D-(0|2)D-(2|1)(0|9)(0|9)D-0D-(1|2)D-19DD-0D-(0|2)D
 Samples: 1989-09-04-2007-02-19-1989-09-04,1973-07-21-2009-07-23-1973-07-21,2008-03-03-1974-05-14-2008-03-03,1990-12-04-2006-03-12-1990-12-04,1994-09-08-1994-03-25-1994-09-08


function,runtime_seconds,column_length,average_row_length,avg_num_hinges,max_num_hinges,num_branches
learn_structures_for_single_column,0.97000002861,1000,32.0,8,8,1
synthetic_datasets/fixed_col_size/structured_text_same_hinges/20160928-row32-col1000-date-02.txt - 1983-06-24-2014-09-20-1971-09-21
STRUCT. SCORE: True
 MODEL: 19(7|8)D-0D-(1|2)D-(2|1)(0|9)DD-0D-(1|2)D-19DD-0D-(2|1)D
 Samples: 1974-07-19-1995-07-19-1991-05-15,1982-11-28-2011-09-15-1974-09-29,1974-02-27-2001-09-17-2002-01-06,2003-01-30-1982-08-11-2007-02-20,1973-01-10-1994-03-29-1991-08-22


function,runtime_seconds,column_length,average_row_length,avg_num_hinges,max_num_hinges,num_branches
learn_structures_for_single_column,0.776999950409,1000,32.0,8,8,1
synthetic_datasets/fixed_col_size/structured_text_same_hinges/20160928-row32-col1000-date-03.txt - 1971-09-21-2014-09-20-2014-09-20
STRUCT. SCORE: True
 MODEL: 20DD-0D-(0|2)D-(1|2)(9|0)(7|0)D-0D-1D-(1|2)(9|0)(7|0)D-0D-1D
 Samples: 2013-08-04-2005-06-17-2005-06-17,1994-04-15-1976-05-15-1976-05-15,2006-04-08-1979-08-19-1979-08-19,1978-10-23-1982-03-08-1982-03-08,1986-12-29-2013-11-11-2013-11-11


function,runtime_seconds
learn_structures_for_all_files_in_path,8.22000002861
Namespace(directory='synthetic_datasets/fixed_col_size/structured_text_same_hinges', errordetect=None, filename=None, output=None, threshold=None)
function,runtime_seconds,column_length,average_row_length,avg_num_hinges,max_num_hinges,num_branches
learn_structures_for_single_column,0.419999837875,1000,10.0,2,2,1
synthetic_datasets/fixed_col_size/structured_text_same_hinges/20160928-row10-col1000-date-01.txt - 1983-06-24
STRUCT. SCORE: True
 MODEL: 20(0|1)D-0D-(1|2)D
 Samples: 2006-08-21,2005-08-13,1981-08-24,2016-07-10,2016-06-15


function,runtime_seconds,column_length,average_row_length,avg_num_hinges,max_num_hinges,num_branches
learn_structures_for_single_column,0.370000123978,1000,10.0,2,2,1
synthetic_datasets/fixed_col_size/structured_text_same_hinges/20160928-row10-col1000-date-02.txt - 1971-09-21
STRUCT. SCORE: True
 MODEL: 19DD-0D-(1|0)D
 Samples: 1991-12-16,2004-11-18,1987-03-02,2010-07-07,1981-05-09


function,runtime_seconds,column_length,average_row_length,avg_num_hinges,max_num_hinges,num_branches
learn_structures_for_single_column,0.370000123978,1000,10.0,2,2,1
synthetic_datasets/fixed_col_size/structured_text_same_hinges/20160928-row10-col1000-date-03.txt - 2014-09-20
STRUCT. SCORE: True
 MODEL: 19(9|1)D-0D-DD
 Samples: 1992-02-13,2011-10-02,1997-07-29,1970-04-30,1994-04-06


function,runtime_seconds,column_length,average_row_length,avg_num_hinges,max_num_hinges,num_branches
learn_structures_for_single_column,0.539999961853,1000,21.0,5,5,1
synthetic_datasets/fixed_col_size/structured_text_same_hinges/20160928-row21-col1000-date-01.txt - 1983-06-24-1971-09-21
STRUCT. SCORE: True
 MODEL: 19DD-0D-(2|0)D-19DD-0D-(0|2)D
 Samples: 1971-03-25-1971-12-01,1981-03-05-1985-09-29,1998-02-14-2014-03-09,2003-06-11-2008-08-03,1992-11-06-1982-04-29


function,runtime_seconds,column_length,average_row_length,avg_num_hinges,max_num_hinges,num_branches
learn_structures_for_single_column,0.629999876022,1000,21.0,5,5,1
synthetic_datasets/fixed_col_size/structured_text_same_hinges/20160928-row21-col1000-date-02.txt - 1983-06-24-2014-09-20
STRUCT. SCORE: True
 MODEL: 19DD-0D-(2|0)D-(1|2)(9|0)DD-0D-(1|0)D
 Samples: 1994-08-03-2005-04-14,1983-09-19-1996-08-11,2001-10-25-2016-01-30,1981-11-23-1981-06-05,1977-02-04-1985-11-14


function,runtime_seconds,column_length,average_row_length,avg_num_hinges,max_num_hinges,num_branches
learn_structures_for_single_column,0.710000038147,1000,21.0,5,5,1
synthetic_datasets/fixed_col_size/structured_text_same_hinges/20160928-row21-col1000-date-03.txt - 1971-09-21-2014-09-20
STRUCT. SCORE: True
 MODEL: (2|1)(0|9)(0|9)D-0D-(1|3)D-19(8|9)D-(1|0)D-2D
 Samples: 2009-01-31-1985-11-28,1991-07-30-1996-12-23,2001-11-18-1993-02-25,1991-10-25-1977-06-09,1978-06-16-1971-09-20


function,runtime_seconds,column_length,average_row_length,avg_num_hinges,max_num_hinges,num_branches
learn_structures_for_single_column,0.890000104904,1000,32.0,8,8,1
synthetic_datasets/fixed_col_size/structured_text_same_hinges/20160928-row32-col1000-date-01.txt - 1983-06-24-1971-09-21-1983-06-24
STRUCT. SCORE: True
 MODEL: 19DD-0(2|8)-(0|2)D-19(8|0)D-0D-(2|1)D-19DD-0(2|8)-(0|2)D
 Samples: 2005-02-28-1988-09-22-2005-02-28,1978-08-07-1997-04-07-1978-08-07,1996-02-01-1990-08-12-1996-02-01,2011-09-11-2001-07-23-2011-09-11,1999-08-05-2003-01-17-1999-08-05


function,runtime_seconds,column_length,average_row_length,avg_num_hinges,max_num_hinges,num_branches
learn_structures_for_single_column,0.789999961853,1000,32.0,8,8,1
synthetic_datasets/fixed_col_size/structured_text_same_hinges/20160928-row32-col1000-date-02.txt - 1983-06-24-2014-09-20-1971-09-21
STRUCT. SCORE: True
 MODEL: 19(9|8)D-0D-DD-(1|2)(9|0)DD-0D-(1|0)D-(2|1)(0|9)DD-(0|1)D-(1|0)D
 Samples: 1992-05-05-1970-06-10-2010-04-12,1980-01-24-2005-03-08-1971-10-19,2001-09-18-2011-11-05-1999-12-08,1987-05-03-2004-02-24-2014-06-13,1990-09-30-1990-06-12-2009-05-03


function,runtime_seconds,column_length,average_row_length,avg_num_hinges,max_num_hinges,num_branches
learn_structures_for_single_column,0.819999933243,1000,32.0,8,8,1
synthetic_datasets/fixed_col_size/structured_text_same_hinges/20160928-row32-col1000-date-03.txt - 1971-09-21-2014-09-20-2014-09-20
STRUCT. SCORE: True
 MODEL: 19DD-(0|1)D-(0|2)(4|5)-19(8|7)D-0D-(2|0)D-19(8|7)D-0D-(2|0)D
 Samples: 1995-11-14-1982-02-22-1982-02-22,1988-06-04-2015-03-01-2015-03-01,2004-09-26-1986-08-28-1986-08-28,1972-11-04-2004-04-14-2004-04-14,1978-08-25-1981-03-20-1981-03-20


function,runtime_seconds
learn_structures_for_all_files_in_path,5.70000004768
Namespace(directory='synthetic_datasets/fixed_col_size/structured_text_same_hinges', errordetect=None, filename=None, output=None, threshold=None)
function,runtime_seconds,column_length,average_row_length,avg_num_hinges,max_num_hinges,num_branches
learn_structures_for_single_column,0.420000076294,1000,10.0,2,2,1
synthetic_datasets/fixed_col_size/structured_text_same_hinges/20160928-row10-col1000-date-01.txt - 1983-06-24
STRUCT. SCORE: True
 MODEL: 19DD-0D-(0|1)D
 Samples: 1995-09-02,1970-09-03,2000-04-20,1970-08-16,1989-03-07


function,runtime_seconds,column_length,average_row_length,avg_num_hinges,max_num_hinges,num_branches
learn_structures_for_single_column,0.360000133514,1000,10.0,2,2,1
synthetic_datasets/fixed_col_size/structured_text_same_hinges/20160928-row10-col1000-date-02.txt - 1971-09-21
STRUCT. SCORE: True
 MODEL: 19DD-0D-(2|1)D
 Samples: 1972-06-25,1985-11-16,2003-06-06,2007-05-25,1993-11-28


function,runtime_seconds,column_length,average_row_length,avg_num_hinges,max_num_hinges,num_branches
learn_structures_for_single_column,0.429999828339,1000,10.0,2,2,1
synthetic_datasets/fixed_col_size/structured_text_same_hinges/20160928-row10-col1000-date-03.txt - 2014-09-20
STRUCT. SCORE: True
 MODEL: 19(9|7)D-0D-(1|0)D
 Samples: 1997-09-11,2014-06-08,1977-04-05,1974-10-15,1974-12-03


function,runtime_seconds,column_length,average_row_length,avg_num_hinges,max_num_hinges,num_branches
learn_structures_for_single_column,0.570000171661,1000,21.0,5,5,1
synthetic_datasets/fixed_col_size/structured_text_same_hinges/20160928-row21-col1000-date-01.txt - 1983-06-24-1971-09-21
STRUCT. SCORE: True
 MODEL: 20(1|0)D-0D-(2|1)D-19(7|8)D-(0|1)D-(0|2)D
 Samples: 2002-01-30-1974-10-06,2014-02-22-1976-05-04,2014-06-22-1971-07-11,2015-08-18-2002-11-03,1994-02-26-1989-02-26


function,runtime_seconds,column_length,average_row_length,avg_num_hinges,max_num_hinges,num_branches
learn_structures_for_single_column,0.619999885559,1000,21.0,5,5,1
synthetic_datasets/fixed_col_size/structured_text_same_hinges/20160928-row21-col1000-date-02.txt - 1983-06-24-2014-09-20
STRUCT. SCORE: True
 MODEL: 19(7|9)D-0D-DD-(2|1)(0|9)DD-0D-(1|2)D
 Samples: 1971-05-05-2009-08-19,2012-10-31-2010-05-26,1995-06-26-1992-05-16,2002-05-13-1981-10-18,1977-05-24-1993-02-25


function,runtime_seconds,column_length,average_row_length,avg_num_hinges,max_num_hinges,num_branches
learn_structures_for_single_column,0.506000041962,1000,21.0,5,5,1
synthetic_datasets/fixed_col_size/structured_text_same_hinges/20160928-row21-col1000-date-03.txt - 1971-09-21-2014-09-20
STRUCT. SCORE: True
 MODEL: 19(9|0)D-(1|0)D-1D-19DD-0D-(1|0)D
 Samples: 1995-12-13-1992-05-15,1973-09-09-1995-12-04,1998-04-12-1975-03-11,2004-11-21-2014-09-22,1972-05-13-1983-08-18


function,runtime_seconds,column_length,average_row_length,avg_num_hinges,max_num_hinges,num_branches
learn_structures_for_single_column,0.850000143051,1000,32.0,8,8,1
synthetic_datasets/fixed_col_size/structured_text_same_hinges/20160928-row32-col1000-date-01.txt - 1983-06-24-1971-09-21-1983-06-24
STRUCT. SCORE: True
 MODEL: (2|1)(0|9)DD-0D-1D-19DD-0D-(0|1)D-(2|1)(0|9)DD-0D-1D
 Samples: 1983-11-15-2006-04-08-1983-11-15,2005-05-08-1991-11-02-2005-05-08,2009-04-07-1977-05-14-2009-04-07,2014-07-17-1982-04-10-2014-07-17,2002-04-19-1981-12-08-2002-04-19


function,runtime_seconds,column_length,average_row_length,avg_num_hinges,max_num_hinges,num_branches
learn_structures_for_single_column,0.891999959946,1000,32.0,8,8,1
synthetic_datasets/fixed_col_size/structured_text_same_hinges/20160928-row32-col1000-date-02.txt - 1983-06-24-2014-09-20-1971-09-21
STRUCT. SCORE: True
 MODEL: (2|1)(0|9)DD-0D-2D-19(7|1)D-0D-(1|2)D-(1|2)(9|0)D(2|0)-0D-(1|0)D
 Samples: 2016-07-20-1971-05-10-1970-05-15,1979-07-29-1998-06-29-1989-01-08,2001-08-19-1974-07-25-2012-02-11,1988-07-12-1976-10-15-2001-04-06,1996-02-26-2016-07-07-1982-08-28


function,runtime_seconds,column_length,average_row_length,avg_num_hinges,max_num_hinges,num_branches
learn_structures_for_single_column,0.930999994278,1000,32.0,8,8,1
synthetic_datasets/fixed_col_size/structured_text_same_hinges/20160928-row32-col1000-date-03.txt - 1971-09-21-2014-09-20-2014-09-20
STRUCT. SCORE: True
 MODEL: 19DD-(1|0)D-0D-19DD-1(1|2)-(1|2)D-19DD-1(1|2)-(1|2)D
 Samples: 1995-12-09-1987-11-11-1987-11-11,2003-12-09-1998-12-28-1998-12-28,1988-11-04-1979-01-22-1979-01-22,1974-01-03-2002-11-16-2002-11-16,1991-07-31-1982-01-25-1982-01-25


function,runtime_seconds
learn_structures_for_all_files_in_path,5.72900009155
Namespace(directory='synthetic_datasets/fixed_col_size/structured_text_same_hinges', errordetect=None, filename=None, output=None, threshold=None)
function,runtime_seconds,column_length,average_row_length,avg_num_hinges,max_num_hinges,num_branches
learn_structures_for_single_column,0.380000114441,1000,10.0,2,2,1
synthetic_datasets/fixed_col_size/structured_text_same_hinges/20160928-row10-col1000-date-01.txt - 1983-06-24
STRUCT. SCORE: True
 MODEL: (2|1)(0|9)DD-0D-(1|0)D
 Samples: 2000-08-10,2002-05-11,1999-03-07,2016-08-06,1989-06-17


function,runtime_seconds,column_length,average_row_length,avg_num_hinges,max_num_hinges,num_branches
learn_structures_for_single_column,0.349999904633,1000,10.0,2,2,1
synthetic_datasets/fixed_col_size/structured_text_same_hinges/20160928-row10-col1000-date-02.txt - 1971-09-21
STRUCT. SCORE: True
 MODEL: 19DD-0D-(1|0)D
 Samples: 1991-05-15,1994-12-08,2001-09-23,1980-07-24,2015-11-14


function,runtime_seconds,column_length,average_row_length,avg_num_hinges,max_num_hinges,num_branches
learn_structures_for_single_column,0.360000133514,1000,10.0,2,2,1
synthetic_datasets/fixed_col_size/structured_text_same_hinges/20160928-row10-col1000-date-03.txt - 2014-09-20
STRUCT. SCORE: True
 MODEL: (1|2)(9|0)DD-(0|1)(4|1)-(1|2)D
 Samples: 2004-04-14,1985-11-18,1983-11-07,2009-12-03,1978-04-12


function,runtime_seconds,column_length,average_row_length,avg_num_hinges,max_num_hinges,num_branches
learn_structures_for_single_column,0.609999895096,1000,21.0,5,5,1
synthetic_datasets/fixed_col_size/structured_text_same_hinges/20160928-row21-col1000-date-01.txt - 1983-06-24-1971-09-21
STRUCT. SCORE: True
 MODEL: (1|2)(9|0)DD-0D-2D-19(8|7)D-0(2|5)-2D
 Samples: 1984-08-23-1983-12-27,1972-07-23-1984-02-16,1970-02-12-1988-07-18,1996-02-03-1973-05-06,2009-08-05-1970-05-21


function,runtime_seconds,column_length,average_row_length,avg_num_hinges,max_num_hinges,num_branches
learn_structures_for_single_column,0.55999994278,1000,21.0,5,5,1
synthetic_datasets/fixed_col_size/structured_text_same_hinges/20160928-row21-col1000-date-02.txt - 1983-06-24-2014-09-20
STRUCT. SCORE: True
 MODEL: (1|2)(9|0)(1|9)D-0D-2D-19DD-0D-DD
 Samples: 2010-07-20-1987-09-05,2011-11-29-2000-02-17,1992-11-02-1994-03-30,1977-05-29-1971-11-18,2014-03-29-1984-07-23


function,runtime_seconds,column_length,average_row_length,avg_num_hinges,max_num_hinges,num_branches
learn_structures_for_single_column,0.660000085831,1000,21.0,5,5,1
synthetic_datasets/fixed_col_size/structured_text_same_hinges/20160928-row21-col1000-date-03.txt - 1971-09-21-2014-09-20
STRUCT. SCORE: True
 MODEL: 19(7|9)D-0D-0D-19DD-0D-(0|2)D
 Samples: 1979-02-09-1994-09-01,1976-06-08-1974-11-28,1974-02-15-1991-05-24,2000-04-26-2013-11-24,1996-09-03-2005-06-12


function,runtime_seconds,column_length,average_row_length,avg_num_hinges,max_num_hinges,num_branches
learn_structures_for_single_column,1.1400001049,1000,32.0,8,8,1
synthetic_datasets/fixed_col_size/structured_text_same_hinges/20160928-row32-col1000-date-01.txt - 1983-06-24-1971-09-21-1983-06-24
STRUCT. SCORE: True
 MODEL: 19(9|7)(4|9)-0D-(0|1)D-(2|1)(0|9)(0|7)D-0D-(2|0)D-19(9|7)(4|9)-0D-(0|1)D
 Samples: 1999-03-07-1972-09-27-1999-03-07,1979-09-10-2015-01-26-1979-09-10,1974-01-29-2008-07-02-1974-01-29,1984-04-01-2009-05-29-1984-04-01,1988-12-03-2000-12-24-1988-12-03


function,runtime_seconds,column_length,average_row_length,avg_num_hinges,max_num_hinges,num_branches
learn_structures_for_single_column,1.02999997139,1000,32.0,8,8,1
synthetic_datasets/fixed_col_size/structured_text_same_hinges/20160928-row32-col1000-date-02.txt - 1983-06-24-2014-09-20-1971-09-21
STRUCT. SCORE: True
 MODEL: 19DD-0(2|6)-(0|1)D-(2|1)(0|9)DD-0D-(1|0)D-19(9|7)D-0D-(2|0)D
 Samples: 1982-12-15-2013-05-15-1976-01-21,1999-03-08-2014-01-11-1993-10-02,2002-02-02-1977-10-07-1990-08-07,1989-12-08-1979-08-06-1998-06-16,2006-06-09-1997-08-22-1994-09-29


function,runtime_seconds,column_length,average_row_length,avg_num_hinges,max_num_hinges,num_branches
learn_structures_for_single_column,0.789999961853,1000,32.0,8,8,1
synthetic_datasets/fixed_col_size/structured_text_same_hinges/20160928-row32-col1000-date-03.txt - 1971-09-21-2014-09-20-2014-09-20
STRUCT. SCORE: True
 MODEL: 20(1|0)D-0D-2D-(1|2)(9|0)DD-0D-(2|1)D-(1|2)(9|0)DD-0D-(2|1)D
 Samples: 2016-06-27-1994-04-06-1994-04-06,2008-09-10-2005-06-13-2005-06-13,2006-07-20-2009-09-10-2009-09-10,1974-08-09-1988-10-22-1988-10-22,1997-03-22-2013-03-20-2013-03-20


function,runtime_seconds
learn_structures_for_all_files_in_path,6.01999998093
Namespace(directory='synthetic_datasets/fixed_col_size/structured_text_same_hinges', errordetect=None, filename=None, output=None, threshold=None)
function,runtime_seconds,column_length,average_row_length,avg_num_hinges,max_num_hinges,num_branches
learn_structures_for_single_column,0.47000002861,1000,10.0,2,2,1
synthetic_datasets/fixed_col_size/structured_text_same_hinges/20160928-row10-col1000-date-01.txt - 1983-06-24
STRUCT. SCORE: True
 MODEL: 19(8|7)D-(0|1)D-(2|1)(1|8)
 Samples: 1991-10-11,1987-04-11,1980-07-21,1979-12-08,1982-01-26


function,runtime_seconds,column_length,average_row_length,avg_num_hinges,max_num_hinges,num_branches
learn_structures_for_single_column,0.349999904633,1000,10.0,2,2,1
synthetic_datasets/fixed_col_size/structured_text_same_hinges/20160928-row10-col1000-date-02.txt - 1971-09-21
STRUCT. SCORE: True
 MODEL: (1|2)(9|0)DD-0D-(0|2)D
 Samples: 2013-07-02,1988-11-04,1992-11-22,1996-05-24,2002-12-10


function,runtime_seconds,column_length,average_row_length,avg_num_hinges,max_num_hinges,num_branches
learn_structures_for_single_column,0.340000152588,1000,10.0,2,2,1
synthetic_datasets/fixed_col_size/structured_text_same_hinges/20160928-row10-col1000-date-03.txt - 2014-09-20
STRUCT. SCORE: True
 MODEL: (1|2)(9|0)(0|7)D-0D-(2|1)D
 Samples: 1979-01-13,2003-05-26,1979-02-18,2006-10-21,1996-12-24


function,runtime_seconds,column_length,average_row_length,avg_num_hinges,max_num_hinges,num_branches
learn_structures_for_single_column,0.660000085831,1000,21.0,5,5,1
synthetic_datasets/fixed_col_size/structured_text_same_hinges/20160928-row21-col1000-date-01.txt - 1983-06-24-1971-09-21
STRUCT. SCORE: True
 MODEL: (2|1)(0|9)DD-0D-1D-(2|1)(0|9)(0|7)D-0D-(1|2)D
 Samples: 2006-03-12-1974-03-13,1987-04-11-2006-06-03,2014-03-10-1976-12-18,2009-09-23-2002-12-10,1977-05-16-2009-03-26


function,runtime_seconds,column_length,average_row_length,avg_num_hinges,max_num_hinges,num_branches
learn_structures_for_single_column,0.619999885559,1000,21.0,5,5,1
synthetic_datasets/fixed_col_size/structured_text_same_hinges/20160928-row21-col1000-date-02.txt - 1983-06-24-2014-09-20
STRUCT. SCORE: True
 MODEL: 198D-0D-(0|1)D-(2|1)(0|9)DD-01-(2|1)D
 Samples: 1984-07-12-2014-01-25,2010-06-23-2005-01-27,1987-01-31-1980-11-21,1988-09-03-1991-06-04,1985-04-06-2007-01-26


function,runtime_seconds,column_length,average_row_length,avg_num_hinges,max_num_hinges,num_branches
learn_structures_for_single_column,0.620000123978,1000,21.0,5,5,1
synthetic_datasets/fixed_col_size/structured_text_same_hinges/20160928-row21-col1000-date-03.txt - 1971-09-21-2014-09-20
STRUCT. SCORE: True
 MODEL: (1|2)(9|0)(1|7)D-(1|0)D-(2|0)D-19DD-0D-1D
 Samples: 1978-10-23-1982-03-08,2015-10-13-1989-11-06,2014-05-21-2015-12-17,2011-02-28-1995-04-12,2011-01-10-1979-01-13


function,runtime_seconds,column_length,average_row_length,avg_num_hinges,max_num_hinges,num_branches
learn_structures_for_single_column,0.799999952316,1000,32.0,8,8,1
synthetic_datasets/fixed_col_size/structured_text_same_hinges/20160928-row32-col1000-date-01.txt - 1983-06-24-1971-09-21-1983-06-24
STRUCT. SCORE: True
 MODEL: (1|2)(9|0)DD-0D-(0|2)D-19(7|9)D-0D-(0|1)D-(1|2)(9|0)DD-0D-(0|2)D
 Samples: 2016-01-07-1999-07-04-2016-01-07,1991-06-25-1979-05-15-1991-06-25,1988-06-05-2000-06-04-1988-06-05,2004-04-17-1971-07-07-2004-04-17,2002-03-01-1982-10-21-2002-03-01


function,runtime_seconds,column_length,average_row_length,avg_num_hinges,max_num_hinges,num_branches
learn_structures_for_single_column,0.849999904633,1000,32.0,8,8,1
synthetic_datasets/fixed_col_size/structured_text_same_hinges/20160928-row32-col1000-date-02.txt - 1983-06-24-2014-09-20-1971-09-21
STRUCT. SCORE: True
 MODEL: 19(7|9)D-0D-(2|0)D-(1|2)(9|0)(1|7)D-(0|1)D-(1|0)D-(1|2)(9|0)(0|7)D-0D-(2|0)D
 Samples: 1974-03-06-2010-03-09-1979-05-24,2015-12-09-1972-08-26-2007-07-22,1976-10-28-2013-11-24-2000-04-26,1986-02-25-1998-09-18-1980-05-30,1976-01-29-2013-11-01-1998-06-16


function,runtime_seconds,column_length,average_row_length,avg_num_hinges,max_num_hinges,num_branches
learn_structures_for_single_column,0.889999866486,1000,32.0,8,8,1
synthetic_datasets/fixed_col_size/structured_text_same_hinges/20160928-row32-col1000-date-03.txt - 1971-09-21-2014-09-20-2014-09-20
STRUCT. SCORE: True
 MODEL: 19(7|8)D-0D-2D-(1|2)(9|0)(7|1)(7|1)-0D-(2|0)D-(1|2)(9|0)(7|1)(7|1)-0D-(2|0)D
 Samples: 1988-08-21-1977-07-09-1977-07-09,1995-12-26-2014-05-07-2014-05-07,1972-11-21-2001-03-28-2001-03-28,2005-11-05-1974-07-26-1974-07-26,1976-09-02-1975-03-23-1975-03-23


function,runtime_seconds
learn_structures_for_all_files_in_path,5.78999996185
Namespace(directory='synthetic_datasets/fixed_col_size/structured_text_same_hinges', errordetect=None, filename=None, output=None, threshold=None)
function,runtime_seconds,column_length,average_row_length,avg_num_hinges,max_num_hinges,num_branches
learn_structures_for_single_column,0.380000114441,1000,10.0,2,2,1
synthetic_datasets/fixed_col_size/structured_text_same_hinges/20160928-row10-col1000-date-01.txt - 1983-06-24
STRUCT. SCORE: True
 MODEL: 19DD-0D-(1|2)D
 Samples: 1985-08-15,1974-03-21,1999-09-10,1973-03-29,2014-03-10


function,runtime_seconds,column_length,average_row_length,avg_num_hinges,max_num_hinges,num_branches
learn_structures_for_single_column,0.399999856949,1000,10.0,2,2,1
synthetic_datasets/fixed_col_size/structured_text_same_hinges/20160928-row10-col1000-date-02.txt - 1971-09-21
STRUCT. SCORE: True
 MODEL: 19DD-0D-(0|1)(7|1)
 Samples: 1970-02-07,1992-11-17,2014-05-11,2013-10-09,1984-03-13


function,runtime_seconds,column_length,average_row_length,avg_num_hinges,max_num_hinges,num_branches
learn_structures_for_single_column,0.370000123978,1000,10.0,2,2,1
synthetic_datasets/fixed_col_size/structured_text_same_hinges/20160928-row10-col1000-date-03.txt - 2014-09-20
STRUCT. SCORE: True
 MODEL: 19(7|8)D-0D-(2|1)(4|6)
 Samples: 1976-10-04,1976-04-16,1992-03-26,2011-06-25,1976-11-21


function,runtime_seconds,column_length,average_row_length,avg_num_hinges,max_num_hinges,num_branches
learn_structures_for_single_column,0.549999952316,1000,21.0,5,5,1
synthetic_datasets/fixed_col_size/structured_text_same_hinges/20160928-row21-col1000-date-01.txt - 1983-06-24-1971-09-21
STRUCT. SCORE: True
 MODEL: 19DD-(0|1)D-DD-19DD-0D-(2|0)D
 Samples: 1999-10-04-1972-09-21,1981-03-28-1993-08-29,1976-11-18-1982-05-30,2014-04-08-2006-11-03,1996-11-12-1996-01-23


function,runtime_seconds,column_length,average_row_length,avg_num_hinges,max_num_hinges,num_branches
learn_structures_for_single_column,0.630000114441,1000,21.0,5,5,1
synthetic_datasets/fixed_col_size/structured_text_same_hinges/20160928-row21-col1000-date-02.txt - 1983-06-24-2014-09-20
STRUCT. SCORE: True
 MODEL: 19DD-0D-1D-19DD-(1|0)D-(1|2)D
 Samples: 2011-06-05-1974-10-17,1984-04-15-1983-11-10,1978-03-12-1995-01-23,1998-06-10-2016-05-18,2008-04-21-1974-12-29


function,runtime_seconds,column_length,average_row_length,avg_num_hinges,max_num_hinges,num_branches
learn_structures_for_single_column,0.629999876022,1000,21.0,5,5,1
synthetic_datasets/fixed_col_size/structured_text_same_hinges/20160928-row21-col1000-date-03.txt - 1971-09-21-2014-09-20
STRUCT. SCORE: True
 MODEL: (2|1)(0|9)(0|8)D-0D-0D-19(7|0)D-0D-(2|0)D
 Samples: 2008-09-29-1975-04-24,1980-07-06-1990-06-25,2002-07-02-1970-09-05,2000-03-22-1971-10-31,1997-04-07-2002-01-11


function,runtime_seconds,column_length,average_row_length,avg_num_hinges,max_num_hinges,num_branches
learn_structures_for_single_column,0.870000123978,1000,32.0,8,8,1
synthetic_datasets/fixed_col_size/structured_text_same_hinges/20160928-row32-col1000-date-01.txt - 1983-06-24-1971-09-21-1983-06-24
STRUCT. SCORE: True
 MODEL: 19DD-0D-(0|1)D-(1|2)(9|0)DD-(0|1)D-(1|0)(7|9)-19DD-0D-(0|1)D
 Samples: 1974-06-08-2015-02-17-1974-06-08,2016-08-02-1976-11-29-2016-08-02,1980-11-09-1982-12-07-1980-11-09,1980-02-14-1972-12-17-1980-02-14,1991-08-26-2008-10-18-1991-08-26


function,runtime_seconds,column_length,average_row_length,avg_num_hinges,max_num_hinges,num_branches
learn_structures_for_single_column,0.80999994278,1000,32.0,8,8,1
synthetic_datasets/fixed_col_size/structured_text_same_hinges/20160928-row32-col1000-date-02.txt - 1983-06-24-2014-09-20-1971-09-21
STRUCT. SCORE: True
 MODEL: 19DD-0D-(0|2)D-19(7|8)D-0D-1D-19DD-0D-(1|0)D
 Samples: 2007-02-07-1970-08-26-1974-06-01,1988-07-23-1987-04-11-1981-01-16,1991-03-26-1972-12-06-1992-07-09,1974-07-19-1995-07-19-1991-05-15,1992-05-05-1970-06-10-2010-04-12


function,runtime_seconds,column_length,average_row_length,avg_num_hinges,max_num_hinges,num_branches
learn_structures_for_single_column,1.0,1000,32.0,8,8,1
synthetic_datasets/fixed_col_size/structured_text_same_hinges/20160928-row32-col1000-date-03.txt - 1971-09-21-2014-09-20-2014-09-20
STRUCT. SCORE: True
 MODEL: 19(7|9)D-12-(0|1)D-19DD-(0|1)D-(2|1)D-19DD-(0|1)D-(2|1)D
 Samples: 1997-12-05-1977-07-10-1977-07-10,1972-02-04-1993-11-25-1993-11-25,1989-12-15-2011-01-31-2011-01-31,1980-02-29-1983-11-24-1983-11-24,1979-12-01-1993-11-20-1993-11-20


function,runtime_seconds
learn_structures_for_all_files_in_path,5.79999995232
Namespace(directory='synthetic_datasets/fixed_col_size/structured_text_same_hinges', errordetect=None, filename=None, output=None, threshold=None)
function,runtime_seconds,column_length,average_row_length,avg_num_hinges,max_num_hinges,num_branches
learn_structures_for_single_column,0.340000152588,1000,10.0,2,2,1
synthetic_datasets/fixed_col_size/structured_text_same_hinges/20160928-row10-col1000-date-01.txt - 1983-06-24
STRUCT. SCORE: True
 MODEL: 19DD-0D-(2|1)D
 Samples: 1980-05-26,1999-10-04,2009-12-03,1974-02-14,2012-09-19


function,runtime_seconds,column_length,average_row_length,avg_num_hinges,max_num_hinges,num_branches
learn_structures_for_single_column,0.319999933243,1000,10.0,2,2,1
synthetic_datasets/fixed_col_size/structured_text_same_hinges/20160928-row10-col1000-date-02.txt - 1971-09-21
STRUCT. SCORE: True
 MODEL: (1|2)(9|0)DD-0D-(1|0)D
 Samples: 1990-06-15,1976-03-14,2002-11-02,2014-09-25,1995-06-19


function,runtime_seconds,column_length,average_row_length,avg_num_hinges,max_num_hinges,num_branches
learn_structures_for_single_column,0.389999866486,1000,10.0,2,2,1
synthetic_datasets/fixed_col_size/structured_text_same_hinges/20160928-row10-col1000-date-03.txt - 2014-09-20
STRUCT. SCORE: True
 MODEL: (2|1)(0|9)DD-0D-2D
 Samples: 2003-05-26,1989-05-03,1971-07-12,2011-06-25,1981-09-26


function,runtime_seconds,column_length,average_row_length,avg_num_hinges,max_num_hinges,num_branches
learn_structures_for_single_column,0.592000007629,1000,21.0,5,5,1
synthetic_datasets/fixed_col_size/structured_text_same_hinges/20160928-row21-col1000-date-01.txt - 1983-06-24-1971-09-21
STRUCT. SCORE: True
 MODEL: 19(9|8)D-(0|1)D-(0|2)D-(1|2)(9|0)DD-0D-(1|2)D
 Samples: 1973-09-23-2011-01-26,1987-12-11-1990-02-13,1988-01-22-1976-03-14,1996-11-20-1976-05-07,1990-10-05-2009-05-16


function,runtime_seconds,column_length,average_row_length,avg_num_hinges,max_num_hinges,num_branches
learn_structures_for_single_column,0.699999809265,1000,21.0,5,5,1
synthetic_datasets/fixed_col_size/structured_text_same_hinges/20160928-row21-col1000-date-02.txt - 1983-06-24-2014-09-20
STRUCT. SCORE: True
 MODEL: 19(9|0)D-0D-(2|1)D-19DD-0D-(1|3)D
 Samples: 2006-04-17-1986-09-11,1994-02-26-1970-04-30,1975-03-27-1993-09-13,1996-08-29-1992-05-27,2009-09-14-2012-07-31


function,runtime_seconds,column_length,average_row_length,avg_num_hinges,max_num_hinges,num_branches
learn_structures_for_single_column,0.520000219345,1000,21.0,5,5,1
synthetic_datasets/fixed_col_size/structured_text_same_hinges/20160928-row21-col1000-date-03.txt - 1971-09-21-2014-09-20
STRUCT. SCORE: True
 MODEL: (1|2)(9|0)DD-0D-DD-19DD-0D-(1|2)D
 Samples: 2003-04-30-1972-04-26,1994-09-25-1991-08-07,1987-12-10-1985-12-25,1971-07-07-1999-11-19,2013-08-02-1997-05-16


function,runtime_seconds,column_length,average_row_length,avg_num_hinges,max_num_hinges,num_branches
learn_structures_for_single_column,0.869999885559,1000,32.0,8,8,1
synthetic_datasets/fixed_col_size/structured_text_same_hinges/20160928-row32-col1000-date-01.txt - 1983-06-24-1971-09-21-1983-06-24
STRUCT. SCORE: True
 MODEL: 198D-0D-(0|1)D-19(8|9)D-0D-(2|1)D-198D-0D-(0|1)D
 Samples: 1986-10-09-1988-08-21-1986-10-09,1981-06-18-1994-01-10-1981-06-18,1987-05-31-1977-06-20-1987-05-31,1976-08-28-1982-07-15-1976-08-28,1980-07-09-1981-07-12-1980-07-09


function,runtime_seconds,column_length,average_row_length,avg_num_hinges,max_num_hinges,num_branches
learn_structures_for_single_column,0.880000114441,1000,32.0,8,8,1
synthetic_datasets/fixed_col_size/structured_text_same_hinges/20160928-row32-col1000-date-02.txt - 1983-06-24-2014-09-20-1971-09-21
STRUCT. SCORE: True
 MODEL: (1|2)(9|0)(7|1)D-0D-1D-19DD-0D-(0|1)D-(2|1)(0|9)DD-(0|1)D-2D
 Samples: 1979-09-10-1980-03-09-2015-01-26,1986-07-13-1971-05-26-2006-01-16,2015-01-11-2013-07-10-1986-11-29,2010-05-31-2013-06-16-2013-10-09,2003-06-07-1975-03-05-1982-12-25


function,runtime_seconds,column_length,average_row_length,avg_num_hinges,max_num_hinges,num_branches
learn_structures_for_single_column,0.77999997139,1000,32.0,8,8,1
synthetic_datasets/fixed_col_size/structured_text_same_hinges/20160928-row32-col1000-date-03.txt - 1971-09-21-2014-09-20-2014-09-20
STRUCT. SCORE: True
 MODEL: 19DD-0D-(0|2)D-19DD-(0|1)(2|1)-(2|0)D-19DD-(0|1)(2|1)-(2|0)D
 Samples: 2012-11-05-1994-12-18-1994-12-18,1970-10-18-1977-02-22-1977-02-22,1973-04-26-1977-10-05-1977-10-05,2001-09-07-1977-01-01-1977-01-01,1993-04-21-1983-04-21-1983-04-21


function,runtime_seconds
learn_structures_for_all_files_in_path,5.54200005531
1 loops, best of 10: 6.27 sec per loop
